#
# A fatal error has been detected by the Java Runtime Environment:
#
#  SIGSEGV (0xb) at pc=0x00007fff86fc28f2, pid=2961, tid=1299
#
# JRE version: Java(TM) SE Runtime Environment (7.0_67-b01) (build 1.7.0_67-b01)
# Java VM: Java HotSpot(TM) 64-Bit Server VM (24.65-b04 mixed mode bsd-amd64 compressed oops)
# Problematic frame:
# C  [libGPUSupportMercury.dylib+0xb8f2]  gldAttachDrawable+0x60
#
# Failed to write core dump. Core dumps have been disabled. To enable core dumping, try "ulimit -c unlimited" before starting Java again
#
# If you would like to submit a bug report, please visit:
#   http://bugreport.sun.com/bugreport/crash.jsp
# The crash happened outside the Java Virtual Machine in native code.
# See problematic frame for where to report the bug.
#

---------------  T H R E A D  ---------------

Current thread (0x00007fdacc0be800):  JavaThread "AppKit Thread" daemon [_thread_in_native, id=1299, stack(0x00007fff591ac000,0x00007fff5922c000)]

siginfo:si_signo=SIGSEGV: si_errno=0, si_code=0 (SEGV0), si_addr=0x0000000000000000

Registers:
RAX=0x3000000000000000, RBX=0x000000000000271e, RCX=0x0000000000000000, RDX=0x00007fdacbc70cc8
RSP=0x00007fff59225050, RBP=0x00007fff59225150, RSI=0x0000000000000050, RDI=0x00007fff78900070
R8 =0x00007fdacf009e60, R9 =0x00007fdace800000, R10=0x000000000000003c, R11=0x0000000000000206
R12=0x0000000000002718, R13=0x00007fdacc947000, R14=0x0000000000000050, R15=0x0000000000000000
RIP=0x00007fff86fc28f2, EFLAGS=0x0000000000010212, ERR=0x0000000000000000
  TRAPNO=0x000000000000000d

Top of Stack: (sp=0x00007fff59225050)
0x00007fff59225050:   00007fff592250c4 00007fdacbc18300
0x00007fff59225060:   ffffffffffffffff 0000206000000040
0x00007fff59225070:   00007fdacbc18318 00007fff86f8769f
0x00007fff59225080:   0000000000000000 3000000000000000
0x00007fff59225090:   0000000300000003 00007fff592251d8
0x00007fff592250a0:   00007fff59225164 0000000000010d6f
0x00007fff592250b0:   00007fff5922515c 00007fff59225160
0x00007fff592250c0:   00007fff59225140 00007fff886c0df0
0x00007fff592250d0:   0000000000000000 0000000000000393
0x00007fff592250e0:   0000003400001200 0000020b00000000
0x00007fff592250f0:   00007fff59225120 00007fff8867313e
0x00007fff59225100:   00007fff59225198 0000000000000393
0x00007fff59225110:   00007fff59225150 0000000024a27787
0x00007fff59225120:   a300bc4030f49e96 00007fdacf000000
0x00007fff59225130:   0000000000002718 0000000000000000
0x00007fff59225140:   0000000000000050 0000000000000000
0x00007fff59225150:   00007fff592251a0 00007fff871007e4
0x00007fff59225160:   00007fdacf009e60 0000000000000000
0x00007fff59225170:   00007fdacbc70cc8 00007fdacbc4f070
0x00007fff59225180:   0000000000000000 00007fdacd170950
0x00007fff59225190:   00007fdacd16ea00 00007fff78900070
0x00007fff592251a0:   00007fff59225290 00007fff899a77ac
0x00007fff592251b0:   408c200000000000 4074000000000000
0x00007fff592251c0:   4060000000000000 4089000000000000
0x00007fff592251d0:   4083700000000000 0000000000000000
0x00007fff592251e0:   4036000000000000 4089000000000000
0x00007fff592251f0:   4082c00000000000 0000000000000000
0x00007fff59225200:   0000000000000000 0000000000000001
0x00007fff59225210:   00007fdacbc70cc8 0000000000000001
0x00007fff59225220:   00007fff59225290 00007fff899ac64c
0x00007fff59225230:   0000000100000003 00007fdacd170950
0x00007fff59225240:   00007fdacd170888 000000028b61ffff 

Instructions: (pc=0x00007fff86fc28f2)
0x00007fff86fc28d2:   48 85 d2 b8 01 00 00 00 bb 15 27 00 00 0f 44 d8
0x00007fff86fc28e2:   e9 7f 01 00 00 49 8b 45 08 48 89 85 38 ff ff ff
0x00007fff86fc28f2:   48 8b 00 48 89 85 30 ff ff ff 83 fe 4f 0f 8f fd
0x00007fff86fc2902:   00 00 00 48 89 d0 bb 15 27 00 00 83 fe 35 0f 84 

Register to memory mapping:

RAX=0x3000000000000000 is an unknown value
RBX=0x000000000000271e is an unknown value
RCX=0x0000000000000000 is an unknown value
RDX=0x00007fdacbc70cc8 is an unknown value
RSP=0x00007fff59225050 is pointing into the stack for thread: 0x00007fdacc0be800
RBP=0x00007fff59225150 is pointing into the stack for thread: 0x00007fdacc0be800
RSI=0x0000000000000050 is an unknown value
RDI=0x00007fff78900070: __stack_chk_guard+0 in /usr/lib/system/libsystem_c.dylib at 0x00007fff9159a000
R8 =0x00007fdacf009e60 is an unknown value
R9 =0x00007fdace800000 is an unknown value
R10=0x000000000000003c is an unknown value
R11=0x0000000000000206 is an unknown value
R12=0x0000000000002718 is an unknown value
R13=0x00007fdacc947000 is an unknown value
R14=0x0000000000000050 is an unknown value
R15=0x0000000000000000 is an unknown value


Stack: [0x00007fff591ac000,0x00007fff5922c000],  sp=0x00007fff59225050,  free space=484k
Native frames: (J=compiled Java code, j=interpreted, Vv=VM code, C=native code)
C  [libGPUSupportMercury.dylib+0xb8f2]  gldAttachDrawable+0x60
C  [GLEngine+0x167e4]  gliAttachDrawableWithOptions+0x101
C  [OpenGL+0x37ac]  glcGetIOAccelService+0xe03
C  [OpenGL+0x73f3]  CGLSetPBuffer+0xb90
C  [OpenGL+0x7716]  CGLSetSurface+0x124
C  [AppKit+0x57bf47]  NSOpenGLContextAttachOnScreenViewSurface+0x109
C  [AppKit+0x2c66ab]  -[NSOpenGLContext setView:]+0x83
C  [liblwjgl.jnilib+0x966e]  -[MacOSXOpenGLView lockFocus]+0x6e
C  [AppKit+0x14e775]  -[NSView _recursiveDisplayRectIfNeededIgnoringOpacity:isVisibleRect:rectIsVisibleRectForView:topView:]+0x740
C  [AppKit+0x14f7d0]  -[NSView _recursiveDisplayRectIfNeededIgnoringOpacity:isVisibleRect:rectIsVisibleRectForView:topView:]+0x179b
C  [AppKit+0x14db23]  -[NSThemeFrame _recursiveDisplayRectIfNeededIgnoringOpacity:isVisibleRect:rectIsVisibleRectForView:topView:]+0x14d
C  [AppKit+0x14a67b]  -[NSView _displayRectIgnoringOpacity:isVisibleRect:rectIsVisibleRectForView:]+0xac9
C  [AppKit+0x12907a]  -[NSView displayIfNeeded]+0x754
C  [AppKit+0x146575]  -[NSWindow displayIfNeeded]+0xe8
C  [AppKit+0x183772]  _handleWindowNeedsDisplayOrLayoutOrUpdateConstraints+0x3a8
C  [Foundation+0x67023]  __NSFireTimer+0x5f
C  [CoreFoundation+0xb5b44]  __CFRUNLOOP_IS_CALLING_OUT_TO_A_TIMER_CALLBACK_FUNCTION__+0x14
C  [CoreFoundation+0xb57d3]  __CFRunLoopDoTimer+0x423
C  [CoreFoundation+0x128d9d]  __CFRunLoopDoTimers+0x12d
C  [CoreFoundation+0x72268]  __CFRunLoopRun+0x7e8
C  [CoreFoundation+0x71838]  CFRunLoopRunSpecific+0x128
C  [HIToolbox+0x2e43f]  RunCurrentEventLoopInMode+0xeb
C  [HIToolbox+0x2e1ba]  ReceiveNextEventCommon+0x1af
C  [HIToolbox+0x2dffb]  _BlockUntilNextEventMatchingListInModeWithFilter+0x47
C  [AppKit+0x246d1]  _DPSNextEvent+0x3c4
C  [AppKit+0x23e80]  -[NSApplication nextEventMatchingMask:untilDate:inMode:dequeue:]+0xc2
C  [libosxapp.dylib+0x24e3]  -[NSApplicationAWT nextEventMatchingMask:untilDate:inMode:dequeue:]+0x7c
C  [AppKit+0x17e23]  -[NSApplication run]+0x252
C  [libosxapp.dylib+0x2346]  +[NSApplicationAWT runAWTLoopWithApp:]+0x9c
C  [liblwawt.dylib+0xd889]  -[AWTStarter starter:]+0x369
C  [Foundation+0x65f4c]  __NSThreadPerformPerform+0x125
C  [CoreFoundation+0x80661]  __CFRUNLOOP_IS_CALLING_OUT_TO_A_SOURCE0_PERFORM_FUNCTION__+0x11
C  [CoreFoundation+0x727ed]  __CFRunLoopDoSources0+0x10d
C  [CoreFoundation+0x71e1f]  __CFRunLoopRun+0x39f
C  [CoreFoundation+0x71838]  CFRunLoopRunSpecific+0x128
C  [java+0x73b0]  CreateExecutionEnvironment+0x367
C  [java+0x1b5c]  JLI_Launch+0x7a0
C  [java+0x770d]  main+0x65
C  [java+0x13b4]  start+0x34


---------------  P R O C E S S  ---------------

Java Threads: ( => current thread )
  0x00007fdacc261800 JavaThread "AWT-EventQueue-0" [_thread_blocked, id=51563, stack(0x000000019f0b1000,0x000000019f1b1000)]
  0x00007fdacd2fa000 JavaThread "TimerQueue" daemon [_thread_blocked, id=50667, stack(0x000000019ef42000,0x000000019f042000)]
  0x00007fdacc898800 JavaThread "AWT-Shutdown" [_thread_blocked, id=28179, stack(0x000000019a56d000,0x000000019a66d000)]
=>0x00007fdacc0be800 JavaThread "AppKit Thread" daemon [_thread_in_native, id=1299, stack(0x00007fff591ac000,0x00007fff5922c000)]
  0x00007fdacd093000 JavaThread "Monitor Ctrl-Break" daemon [_thread_in_native, id=18691, stack(0x00000001988f5000,0x00000001989f5000)]
  0x00007fdacd028800 JavaThread "Service Thread" daemon [_thread_blocked, id=17667, stack(0x00000001984ed000,0x00000001985ed000)]
  0x00007fdacd028000 JavaThread "C2 CompilerThread1" daemon [_thread_blocked, id=17155, stack(0x00000001983ea000,0x00000001984ea000)]
  0x00007fdacd026800 JavaThread "C2 CompilerThread0" daemon [_thread_blocked, id=16643, stack(0x00000001982e7000,0x00000001983e7000)]
  0x00007fdacd025800 JavaThread "Signal Dispatcher" daemon [_thread_blocked, id=13335, stack(0x00000001981e4000,0x00000001982e4000)]
  0x00007fdacd014800 JavaThread "Finalizer" daemon [_thread_blocked, id=11523, stack(0x00000001968ab000,0x00000001969ab000)]
  0x00007fdacd013800 JavaThread "Reference Handler" daemon [_thread_blocked, id=11011, stack(0x00000001967a8000,0x00000001968a8000)]
  0x00007fdacc00d000 JavaThread "main" [_thread_in_native, id=4867, stack(0x0000000106afd000,0x0000000106bfd000)]

Other Threads:
  0x00007fdacc050800 VMThread [stack: 0x00000001966a5000,0x00000001967a5000] [id=10499]
  0x00007fdacd01a000 WatcherThread [stack: 0x00000001985f0000,0x00000001986f0000] [id=18179]

VM state:not at safepoint (normal execution)

VM Mutex/Monitor currently owned by a thread: None

Heap
 PSYoungGen      total 38912K, used 15688K [0x0000000165700000, 0x0000000168200000, 0x0000000190200000)
  eden space 33792K, 31% used [0x0000000165700000,0x000000016615a0e0,0x0000000167800000)
  from space 5120K, 99% used [0x0000000167d00000,0x00000001681f8010,0x0000000168200000)
  to   space 5120K, 0% used [0x0000000167800000,0x0000000167800000,0x0000000167d00000)
 ParOldGen       total 87040K, used 3519K [0x0000000110200000, 0x0000000115700000, 0x0000000165700000)
  object space 87040K, 4% used [0x0000000110200000,0x000000011056ff78,0x0000000115700000)
 PSPermGen       total 21504K, used 11083K [0x000000010b000000, 0x000000010c500000, 0x0000000110200000)
  object space 21504K, 51% used [0x000000010b000000,0x000000010bad2f18,0x000000010c500000)

Card table byte_map: [0x0000000190200000,0x000000019062a000] byte_map_base: 0x000000018f9a8000

Polling page: 0x0000000106bff000

Code Cache  [0x0000000107eae000, 0x000000010811e000, 0x000000010aeae000)
 total_blobs=777 nmethods=384 adapters=347 free_code_cache=47682Kb largest_free_block=48754944

Compilation events (10 events):
Event: 11.536 Thread 0x00007fdacd028000 nmethod 390 0x0000000107f69010 code [0x0000000107f69180, 0x0000000107f69348]
Event: 11.539 Thread 0x00007fdacd026800 nmethod 389 0x0000000107facf90 code [0x0000000107fad160, 0x0000000107fad6d0]
Event: 11.766 Thread 0x00007fdacd028000  391             java.util.HashMap$HashIterator::hasNext (13 bytes)
Event: 11.767 Thread 0x00007fdacd028000 nmethod 391 0x0000000107facd10 code [0x0000000107face40, 0x0000000107faceb8]
Event: 12.330 Thread 0x00007fdacd026800  392             java.lang.ThreadLocal$ThreadLocalMap::access$000 (6 bytes)
Event: 12.330 Thread 0x00007fdacd028000  393             java.lang.ThreadLocal$ThreadLocalMap::getEntry (42 bytes)
Event: 12.332 Thread 0x00007fdacd028000 nmethod 393 0x000000010801b150 code [0x000000010801b2a0, 0x000000010801b3a8]
Event: 12.332 Thread 0x00007fdacd026800 nmethod 392 0x0000000107f4f090 code [0x0000000107f4f1e0, 0x0000000107f4f2e8]
Event: 12.749 Thread 0x00007fdacd026800  394             org.newdawn.slick.Input::poll (1518 bytes)
Event: 12.880 Thread 0x00007fdacd026800 nmethod 394 0x0000000108024550 code [0x0000000108024ee0, 0x000000010802ac98]

GC Heap History (10 events):
Event: 0.734 GC heap before
{Heap before GC invocations=1 (full 0):
 PSYoungGen      total 38912K, used 16288K [0x0000000165700000, 0x0000000168200000, 0x0000000190200000)
  eden space 33792K, 48% used [0x0000000165700000,0x00000001666e81d0,0x0000000167800000)
  from space 5120K, 0% used [0x0000000167d00000,0x0000000167d00000,0x0000000168200000)
  to   space 5120K, 0% used [0x0000000167800000,0x0000000167800000,0x0000000167d00000)
 ParOldGen       total 87040K, used 0K [0x0000000110200000, 0x0000000115700000, 0x0000000165700000)
  object space 87040K, 0% used [0x0000000110200000,0x0000000110200000,0x0000000115700000)
 PSPermGen       total 21504K, used 8484K [0x000000010b000000, 0x000000010c500000, 0x0000000110200000)
  object space 21504K, 39% used [0x000000010b000000,0x000000010b849210,0x000000010c500000)
Event: 0.741 GC heap after
Heap after GC invocations=1 (full 0):
 PSYoungGen      total 38912K, used 3190K [0x0000000165700000, 0x0000000168200000, 0x0000000190200000)
  eden space 33792K, 0% used [0x0000000165700000,0x0000000165700000,0x0000000167800000)
  from space 5120K, 62% used [0x0000000167800000,0x0000000167b1dac8,0x0000000167d00000)
  to   space 5120K, 0% used [0x0000000167d00000,0x0000000167d00000,0x0000000168200000)
 ParOldGen       total 87040K, used 8K [0x0000000110200000, 0x0000000115700000, 0x0000000165700000)
  object space 87040K, 0% used [0x0000000110200000,0x0000000110202000,0x0000000115700000)
 PSPermGen       total 21504K, used 8484K [0x000000010b000000, 0x000000010c500000, 0x0000000110200000)
  object space 21504K, 39% used [0x000000010b000000,0x000000010b849210,0x000000010c500000)
}
Event: 0.741 GC heap before
{Heap before GC invocations=2 (full 1):
 PSYoungGen      total 38912K, used 3190K [0x0000000165700000, 0x0000000168200000, 0x0000000190200000)
  eden space 33792K, 0% used [0x0000000165700000,0x0000000165700000,0x0000000167800000)
  from space 5120K, 62% used [0x0000000167800000,0x0000000167b1dac8,0x0000000167d00000)
  to   space 5120K, 0% used [0x0000000167d00000,0x0000000167d00000,0x0000000168200000)
 ParOldGen       total 87040K, used 8K [0x0000000110200000, 0x0000000115700000, 0x0000000165700000)
  object space 87040K, 0% used [0x0000000110200000,0x0000000110202000,0x0000000115700000)
 PSPermGen       total 21504K, used 8484K [0x000000010b000000, 0x000000010c500000, 0x0000000110200000)
  object space 21504K, 39% used [0x000000010b000000,0x000000010b849210,0x000000010c500000)
Event: 0.771 GC heap after
Heap after GC invocations=2 (full 1):
 PSYoungGen      total 38912K, used 0K [0x0000000165700000, 0x0000000168200000, 0x0000000190200000)
  eden space 33792K, 0% used [0x0000000165700000,0x0000000165700000,0x0000000167800000)
  from space 5120K, 0% used [0x0000000167800000,0x0000000167800000,0x0000000167d00000)
  to   space 5120K, 0% used [0x0000000167d00000,0x0000000167d00000,0x0000000168200000)
 ParOldGen       total 87040K, used 2985K [0x0000000110200000, 0x0000000115700000, 0x0000000165700000)
  object space 87040K, 3% used [0x0000000110200000,0x00000001104ea5e0,0x0000000115700000)
 PSPermGen       total 21504K, used 8482K [0x000000010b000000, 0x000000010c500000, 0x0000000110200000)
  object space 21504K, 39% used [0x000000010b000000,0x000000010b848ac8,0x000000010c500000)
}
Event: 1.713 GC heap before
{Heap before GC invocations=3 (full 1):
 PSYoungGen      total 38912K, used 33792K [0x0000000165700000, 0x0000000168200000, 0x0000000190200000)
  eden space 33792K, 100% used [0x0000000165700000,0x0000000167800000,0x0000000167800000)
  from space 5120K, 0% used [0x0000000167800000,0x0000000167800000,0x0000000167d00000)
  to   space 5120K, 0% used [0x0000000167d00000,0x0000000167d00000,0x0000000168200000)
 ParOldGen       total 87040K, used 2985K [0x0000000110200000, 0x0000000115700000, 0x0000000165700000)
  object space 87040K, 3% used [0x0000000110200000,0x00000001104ea5e0,0x0000000115700000)
 PSPermGen       total 21504K, used 10567K [0x000000010b000000, 0x000000010c500000, 0x0000000110200000)
  object space 21504K, 49% used [0x000000010b000000,0x000000010ba51f18,0x000000010c500000)
Event: 1.719 GC heap after
Heap after GC invocations=3 (full 1):
 PSYoungGen      total 38912K, used 5088K [0x0000000165700000, 0x0000000168200000, 0x0000000190200000)
  eden space 33792K, 0% used [0x0000000165700000,0x0000000165700000,0x0000000167800000)
  from space 5120K, 99% used [0x0000000167d00000,0x00000001681f8010,0x0000000168200000)
  to   space 5120K, 0% used [0x0000000167800000,0x0000000167800000,0x0000000167d00000)
 ParOldGen       total 87040K, used 3358K [0x0000000110200000, 0x0000000115700000, 0x0000000165700000)
  object space 87040K, 3% used [0x0000000110200000,0x0000000110547ae8,0x0000000115700000)
 PSPermGen       total 21504K, used 10567K [0x000000010b000000, 0x000000010c500000, 0x0000000110200000)
  object space 21504K, 49% used [0x000000010b000000,0x000000010ba51f18,0x000000010c500000)
}
Event: 6.167 GC heap before
{Heap before GC invocations=4 (full 1):
 PSYoungGen      total 38912K, used 38880K [0x0000000165700000, 0x0000000168200000, 0x0000000190200000)
  eden space 33792K, 100% used [0x0000000165700000,0x0000000167800000,0x0000000167800000)
  from space 5120K, 99% used [0x0000000167d00000,0x00000001681f8010,0x0000000168200000)
  to   space 5120K, 0% used [0x0000000167800000,0x0000000167800000,0x0000000167d00000)
 ParOldGen       total 87040K, used 3358K [0x0000000110200000, 0x0000000115700000, 0x0000000165700000)
  object space 87040K, 3% used [0x0000000110200000,0x0000000110547ae8,0x0000000115700000)
 PSPermGen       total 21504K, used 11057K [0x000000010b000000, 0x000000010c500000, 0x0000000110200000)
  object space 21504K, 51% used [0x000000010b000000,0x000000010bacc7a8,0x000000010c500000)
Event: 6.172 GC heap after
Heap after GC invocations=4 (full 1):
 PSYoungGen      total 38912K, used 5088K [0x0000000165700000, 0x0000000168200000, 0x0000000190200000)
  eden space 33792K, 0% used [0x0000000165700000,0x0000000165700000,0x0000000167800000)
  from space 5120K, 99% used [0x0000000167800000,0x0000000167cf8010,0x0000000167d00000)
  to   space 5120K, 0% used [0x0000000167d00000,0x0000000167d00000,0x0000000168200000)
 ParOldGen       total 87040K, used 3479K [0x0000000110200000, 0x0000000115700000, 0x0000000165700000)
  object space 87040K, 3% used [0x0000000110200000,0x0000000110565f78,0x0000000115700000)
 PSPermGen       total 21504K, used 11057K [0x000000010b000000, 0x000000010c500000, 0x0000000110200000)
  object space 21504K, 51% used [0x000000010b000000,0x000000010bacc7a8,0x000000010c500000)
}
Event: 11.634 GC heap before
{Heap before GC invocations=5 (full 1):
 PSYoungGen      total 38912K, used 38880K [0x0000000165700000, 0x0000000168200000, 0x0000000190200000)
  eden space 33792K, 100% used [0x0000000165700000,0x0000000167800000,0x0000000167800000)
  from space 5120K, 99% used [0x0000000167800000,0x0000000167cf8010,0x0000000167d00000)
  to   space 5120K, 0% used [0x0000000167d00000,0x0000000167d00000,0x0000000168200000)
 ParOldGen       total 87040K, used 3479K [0x0000000110200000, 0x0000000115700000, 0x0000000165700000)
  object space 87040K, 3% used [0x0000000110200000,0x0000000110565f78,0x0000000115700000)
 PSPermGen       total 21504K, used 11075K [0x000000010b000000, 0x000000010c500000, 0x0000000110200000)
  object space 21504K, 51% used [0x000000010b000000,0x000000010bad0e70,0x000000010c500000)
Event: 11.639 GC heap after
Heap after GC invocations=5 (full 1):
 PSYoungGen      total 38912K, used 5088K [0x0000000165700000, 0x0000000168200000, 0x0000000190200000)
  eden space 33792K, 0% used [0x0000000165700000,0x0000000165700000,0x0000000167800000)
  from space 5120K, 99% used [0x0000000167d00000,0x00000001681f8010,0x0000000168200000)
  to   space 5120K, 0% used [0x0000000167800000,0x0000000167800000,0x0000000167d00000)
 ParOldGen       total 87040K, used 3519K [0x0000000110200000, 0x0000000115700000, 0x0000000165700000)
  object space 87040K, 4% used [0x0000000110200000,0x000000011056ff78,0x0000000115700000)
 PSPermGen       total 21504K, used 11075K [0x000000010b000000, 0x000000010c500000, 0x0000000110200000)
  object space 21504K, 51% used [0x000000010b000000,0x000000010bad0e70,0x000000010c500000)
}

Deoptimization events (10 events):
Event: 1.553 Thread 0x00007fdacc00d000 Uncommon trap: reason=class_check action=maybe_recompile pc=0x0000000107fae494 method=com.sun.org.apache.xerces.internal.dom.DeepNodeListImpl.item(I)Lorg/w3c/dom/Node; @ 4
Event: 1.570 Thread 0x00007fdacc00d000 Uncommon trap: reason=class_check action=maybe_recompile pc=0x0000000107f703c4 method=com.sun.org.apache.xerces.internal.impl.XMLDocumentFragmentScannerImpl.scanStartElement()Z @ 430
Event: 1.570 Thread 0x00007fdacc00d000 Uncommon trap: reason=class_check action=maybe_recompile pc=0x0000000107fae494 method=com.sun.org.apache.xerces.internal.dom.DeepNodeListImpl.item(I)Lorg/w3c/dom/Node; @ 4
Event: 1.755 Thread 0x00007fdacc00d000 Uncommon trap: reason=unreached action=reinterpret pc=0x0000000107f92be8 method=java.util.ArrayList.ensureCapacityInternal(I)V @ 7
Event: 3.650 Thread 0x00007fdacc00d000 Uncommon trap: reason=predicate action=maybe_recompile pc=0x000000010800f800 method=java.util.Arrays.fill([Ljava/lang/Object;Ljava/lang/Object;)V @ 10
Event: 4.717 Thread 0x00007fdacc00d000 Uncommon trap: reason=array_check action=maybe_recompile pc=0x00000001080134b8 method=java.util.Arrays.fill([Ljava/lang/Object;Ljava/lang/Object;)V @ 13
Event: 4.717 Thread 0x00007fdacc00d000 Uncommon trap: reason=array_check action=maybe_recompile pc=0x00000001080134b8 method=java.util.Arrays.fill([Ljava/lang/Object;Ljava/lang/Object;)V @ 13
Event: 4.717 Thread 0x00007fdacc00d000 Uncommon trap: reason=array_check action=maybe_recompile pc=0x00000001080134b8 method=java.util.Arrays.fill([Ljava/lang/Object;Ljava/lang/Object;)V @ 13
Event: 4.717 Thread 0x00007fdacc00d000 Uncommon trap: reason=array_check action=maybe_recompile pc=0x00000001080134b8 method=java.util.Arrays.fill([Ljava/lang/Object;Ljava/lang/Object;)V @ 13
Event: 8.774 Thread 0x00007fdacc261800 Uncommon trap: reason=unreached action=reinterpret pc=0x0000000107fa28f8 method=java.util.HashMap.put(Ljava/lang/Object;Ljava/lang/Object;)Ljava/lang/Object; @ 77

Internal exceptions (10 events):
Event: 1.753 Thread 0x00007fdacc00d000 Threw 0x0000000165783e78 at /HUDSON/workspace/7u-2-build-macosx-x86_64/jdk7u67/1368/hotspot/src/share/vm/prims/jvm.cpp:1244
Event: 1.754 Thread 0x00007fdacc00d000 Threw 0x0000000165797df0 at /HUDSON/workspace/7u-2-build-macosx-x86_64/jdk7u67/1368/hotspot/src/share/vm/prims/jvm.cpp:1244
Event: 1.755 Thread 0x00007fdacc00d000 Threw 0x000000016579ea50 at /HUDSON/workspace/7u-2-build-macosx-x86_64/jdk7u67/1368/hotspot/src/share/vm/prims/jvm.cpp:1244
Event: 2.286 Thread 0x00007fdacc00d000 Threw 0x0000000165bde760 at /HUDSON/workspace/7u-2-build-macosx-x86_64/jdk7u67/1368/hotspot/src/share/vm/prims/jvm.cpp:1244
Event: 2.288 Thread 0x00007fdacc00d000 Threw 0x0000000165be6cf8 at /HUDSON/workspace/7u-2-build-macosx-x86_64/jdk7u67/1368/hotspot/src/share/vm/prims/jvm.cpp:1244
Event: 2.289 Thread 0x00007fdacc00d000 Threw 0x0000000165bf2d40 at /HUDSON/workspace/7u-2-build-macosx-x86_64/jdk7u67/1368/hotspot/src/share/vm/prims/jvm.cpp:1244
Event: 2.290 Thread 0x00007fdacc00d000 Threw 0x0000000165bf84e0 at /HUDSON/workspace/7u-2-build-macosx-x86_64/jdk7u67/1368/hotspot/src/share/vm/prims/jvm.cpp:1244
Event: 3.244 Thread 0x00007fdacc00d000 Threw 0x000000016631fee8 at /HUDSON/workspace/7u-2-build-macosx-x86_64/jdk7u67/1368/hotspot/src/share/vm/prims/jvm.cpp:1244
Event: 3.244 Thread 0x00007fdacc00d000 Threw 0x0000000166325cc0 at /HUDSON/workspace/7u-2-build-macosx-x86_64/jdk7u67/1368/hotspot/src/share/vm/prims/jvm.cpp:1244
Event: 3.246 Thread 0x00007fdacc00d000 Threw 0x000000016632fbf0 at /HUDSON/workspace/7u-2-build-macosx-x86_64/jdk7u67/1368/hotspot/src/share/vm/prims/jvm.cpp:1244

Events (10 events):
Event: 8.774 Thread 0x00007fdacc261800 Uncommon trap: trap_request=0xffffffad fr.pc=0x0000000107fa28f8
Event: 8.774 Thread 0x00007fdacc261800 DEOPT PACKING pc=0x0000000107fa28f8 sp=0x000000019f1af600
Event: 8.774 Thread 0x00007fdacc261800 DEOPT UNPACKING pc=0x0000000107ee7045 sp=0x000000019f1af5c8 mode 2
Event: 8.784 Thread 0x00007fdacd026800 flushing nmethod 0x0000000107facd10
Event: 11.516 loading class 0x0000000195444170
Event: 11.516 loading class 0x0000000195444170 done
Event: 11.634 Executing VM operation: ParallelGCFailedAllocation
Event: 11.639 Executing VM operation: ParallelGCFailedAllocation done
Event: 13.345 loading class 0x00007fdacbe9ff90
Event: 13.345 loading class 0x00007fdacbe9ff90 done


Dynamic libraries:
0x0000000006e8d000 	/System/Library/Frameworks/Cocoa.framework/Versions/A/Cocoa
0x0000000006e8d000 	/System/Library/Frameworks/Security.framework/Versions/A/Security
0x0000000006e8d000 	/System/Library/Frameworks/ApplicationServices.framework/Versions/A/ApplicationServices
0x0000000006e8d000 	/usr/lib/libz.1.dylib
0x0000000006e8d000 	/usr/lib/libSystem.B.dylib
0x0000000006e8d000 	/usr/lib/libobjc.A.dylib
0x0000000006e8d000 	/System/Library/Frameworks/CoreFoundation.framework/Versions/A/CoreFoundation
0x0000000006e8d000 	/System/Library/Frameworks/Foundation.framework/Versions/C/Foundation
0x0000000006e8d000 	/System/Library/Frameworks/AppKit.framework/Versions/C/AppKit
0x0000000006e8d000 	/System/Library/Frameworks/CoreData.framework/Versions/A/CoreData
0x0000000006e8d000 	/System/Library/PrivateFrameworks/RemoteViewServices.framework/Versions/A/RemoteViewServices
0x0000000006e8d000 	/System/Library/PrivateFrameworks/UIFoundation.framework/Versions/A/UIFoundation
0x0000000006e8d000 	/System/Library/Frameworks/IOSurface.framework/Versions/A/IOSurface
0x0000000006e8d000 	/System/Library/Frameworks/AudioToolbox.framework/Versions/A/AudioToolbox
0x0000000006e8d000 	/System/Library/Frameworks/AudioUnit.framework/Versions/A/AudioUnit
0x0000000006e8d000 	/System/Library/PrivateFrameworks/DataDetectorsCore.framework/Versions/A/DataDetectorsCore
0x0000000006e8d000 	/System/Library/PrivateFrameworks/DesktopServicesPriv.framework/Versions/A/DesktopServicesPriv
0x0000000006e8d000 	/System/Library/Frameworks/Carbon.framework/Versions/A/Frameworks/HIToolbox.framework/Versions/A/HIToolbox
0x0000000006e8d000 	/System/Library/Frameworks/QuartzCore.framework/Versions/A/QuartzCore
0x0000000006e8d000 	/System/Library/Frameworks/Carbon.framework/Versions/A/Frameworks/SpeechRecognition.framework/Versions/A/SpeechRecognition
0x0000000006e8d000 	/usr/lib/libauto.dylib
0x0000000006e8d000 	/usr/lib/libicucore.A.dylib
0x0000000006e8d000 	/usr/lib/libxml2.2.dylib
0x0000000006e8d000 	/System/Library/PrivateFrameworks/CoreUI.framework/Versions/A/CoreUI
0x0000000006e8d000 	/System/Library/Frameworks/CoreAudio.framework/Versions/A/CoreAudio
0x0000000006e8d000 	/System/Library/Frameworks/DiskArbitration.framework/Versions/A/DiskArbitration
0x0000000006e8d000 	/usr/lib/liblangid.dylib
0x0000000006e8d000 	/System/Library/PrivateFrameworks/MultitouchSupport.framework/Versions/A/MultitouchSupport
0x0000000006e8d000 	/System/Library/Frameworks/IOKit.framework/Versions/A/IOKit
0x0000000006e8d000 	/usr/lib/libDiagnosticMessagesClient.dylib
0x0000000006e8d000 	/System/Library/Frameworks/CoreServices.framework/Versions/A/CoreServices
0x0000000006e8d000 	/System/Library/PrivateFrameworks/PerformanceAnalysis.framework/Versions/A/PerformanceAnalysis
0x0000000006e8d000 	/System/Library/PrivateFrameworks/GenerationalStorage.framework/Versions/A/GenerationalStorage
0x0000000006e8d000 	/System/Library/Frameworks/OpenGL.framework/Versions/A/OpenGL
0x0000000006e8d000 	/System/Library/PrivateFrameworks/Sharing.framework/Versions/A/Sharing
0x0000000006e8d000 	/System/Library/Frameworks/CoreGraphics.framework/Versions/A/CoreGraphics
0x0000000006e8d000 	/System/Library/Frameworks/CoreText.framework/Versions/A/CoreText
0x0000000006e8d000 	/System/Library/Frameworks/ImageIO.framework/Versions/A/ImageIO
0x0000000006e8d000 	/usr/lib/libextension.dylib
0x0000000006e8d000 	/System/Library/PrivateFrameworks/Backup.framework/Versions/A/Backup
0x0000000006e8d000 	/usr/lib/libarchive.2.dylib
0x0000000006e8d000 	/System/Library/Frameworks/CFNetwork.framework/Versions/A/CFNetwork
0x0000000006e8d000 	/System/Library/Frameworks/SystemConfiguration.framework/Versions/A/SystemConfiguration
0x0000000006e8d000 	/usr/lib/libCRFSuite.dylib
0x0000000006e8d000 	/usr/lib/libc++.1.dylib
0x0000000006e8d000 	/usr/lib/libc++abi.dylib
0x0000000006e8d000 	/usr/lib/system/libcache.dylib
0x0000000006e8d000 	/usr/lib/system/libcommonCrypto.dylib
0x0000000006e8d000 	/usr/lib/system/libcompiler_rt.dylib
0x0000000006e8d000 	/usr/lib/system/libcopyfile.dylib
0x0000000006e8d000 	/usr/lib/system/libcorecrypto.dylib
0x0000000006e8d000 	/usr/lib/system/libdispatch.dylib
0x0000000006e8d000 	/usr/lib/system/libdyld.dylib
0x0000000006e8d000 	/usr/lib/system/libkeymgr.dylib
0x0000000006e8d000 	/usr/lib/system/liblaunch.dylib
0x0000000006e8d000 	/usr/lib/system/libmacho.dylib
0x0000000006e8d000 	/usr/lib/system/libquarantine.dylib
0x0000000006e8d000 	/usr/lib/system/libremovefile.dylib
0x0000000006e8d000 	/usr/lib/system/libsystem_asl.dylib
0x0000000006e8d000 	/usr/lib/system/libsystem_blocks.dylib
0x0000000006e8d000 	/usr/lib/system/libsystem_c.dylib
0x0000000006e8d000 	/usr/lib/system/libsystem_configuration.dylib
0x0000000006e8d000 	/usr/lib/system/libsystem_coreservices.dylib
0x0000000006e8d000 	/usr/lib/system/libsystem_coretls.dylib
0x0000000006e8d000 	/usr/lib/system/libsystem_dnssd.dylib
0x0000000006e8d000 	/usr/lib/system/libsystem_info.dylib
0x0000000006e8d000 	/usr/lib/system/libsystem_kernel.dylib
0x0000000006e8d000 	/usr/lib/system/libsystem_m.dylib
0x0000000006e8d000 	/usr/lib/system/libsystem_malloc.dylib
0x0000000006e8d000 	/usr/lib/system/libsystem_network.dylib
0x0000000006e8d000 	/usr/lib/system/libsystem_networkextension.dylib
0x0000000006e8d000 	/usr/lib/system/libsystem_notify.dylib
0x0000000006e8d000 	/usr/lib/system/libsystem_platform.dylib
0x0000000006e8d000 	/usr/lib/system/libsystem_pthread.dylib
0x0000000006e8d000 	/usr/lib/system/libsystem_sandbox.dylib
0x0000000006e8d000 	/usr/lib/system/libsystem_secinit.dylib
0x0000000006e8d000 	/usr/lib/system/libsystem_stats.dylib
0x0000000006e8d000 	/usr/lib/system/libsystem_trace.dylib
0x0000000006e8d000 	/usr/lib/system/libunc.dylib
0x0000000006e8d000 	/usr/lib/system/libunwind.dylib
0x0000000006e8d000 	/usr/lib/system/libxpc.dylib
0x0000000006e8d000 	/usr/lib/libbz2.1.0.dylib
0x0000000006e8d000 	/usr/lib/liblzma.5.dylib
0x0000000006e8d000 	/usr/lib/libbsm.0.dylib
0x0000000006e8d000 	/usr/lib/libsqlite3.dylib
0x0000000006e8d000 	/usr/lib/system/libkxld.dylib
0x0000000006e8d000 	/usr/lib/libxar.1.dylib
0x0000000006e8d000 	/usr/lib/libpam.2.dylib
0x0000000006e8d000 	/usr/lib/libOpenScriptingUtil.dylib
0x0000000006e8d000 	/System/Library/Frameworks/CoreServices.framework/Versions/A/Frameworks/FSEvents.framework/Versions/A/FSEvents
0x0000000006e8d000 	/System/Library/Frameworks/CoreServices.framework/Versions/A/Frameworks/CarbonCore.framework/Versions/A/CarbonCore
0x0000000006e8d000 	/System/Library/Frameworks/CoreServices.framework/Versions/A/Frameworks/Metadata.framework/Versions/A/Metadata
0x0000000006e8d000 	/System/Library/Frameworks/CoreServices.framework/Versions/A/Frameworks/OSServices.framework/Versions/A/OSServices
0x0000000006e8d000 	/System/Library/Frameworks/CoreServices.framework/Versions/A/Frameworks/SearchKit.framework/Versions/A/SearchKit
0x0000000006e8d000 	/System/Library/Frameworks/CoreServices.framework/Versions/A/Frameworks/AE.framework/Versions/A/AE
0x0000000006e8d000 	/System/Library/Frameworks/CoreServices.framework/Versions/A/Frameworks/LaunchServices.framework/Versions/A/LaunchServices
0x0000000006e8d000 	/System/Library/Frameworks/CoreServices.framework/Versions/A/Frameworks/DictionaryServices.framework/Versions/A/DictionaryServices
0x0000000006e8d000 	/System/Library/Frameworks/NetFS.framework/Versions/A/NetFS
0x0000000006e8d000 	/System/Library/PrivateFrameworks/NetAuth.framework/Versions/A/NetAuth
0x0000000006e8d000 	/System/Library/PrivateFrameworks/login.framework/Versions/A/Frameworks/loginsupport.framework/Versions/A/loginsupport
0x0000000006e8d000 	/System/Library/PrivateFrameworks/TCC.framework/Versions/A/TCC
0x0000000006e8d000 	/usr/lib/libmecabra.dylib
0x0000000006e8d000 	/System/Library/PrivateFrameworks/LanguageModeling.framework/Versions/A/LanguageModeling
0x0000000006e8d000 	/usr/lib/libcmph.dylib
0x0000000006e8d000 	/usr/lib/libiconv.2.dylib
0x0000000006e8d000 	/System/Library/Frameworks/OpenDirectory.framework/Versions/A/Frameworks/CFOpenDirectory.framework/Versions/A/CFOpenDirectory
0x0000000006e8d000 	/System/Library/Frameworks/ServiceManagement.framework/Versions/A/ServiceManagement
0x0000000006e8d000 	/usr/lib/libxslt.1.dylib
0x0000000006e8d000 	/System/Library/Frameworks/Carbon.framework/Versions/A/Frameworks/Ink.framework/Versions/A/Ink
0x0000000006e8d000 	/System/Library/Frameworks/ApplicationServices.framework/Versions/A/Frameworks/ATS.framework/Versions/A/ATS
0x0000000006e8d000 	/System/Library/Frameworks/ApplicationServices.framework/Versions/A/Frameworks/ColorSync.framework/Versions/A/ColorSync
0x0000000006e8d000 	/System/Library/Frameworks/ApplicationServices.framework/Versions/A/Frameworks/HIServices.framework/Versions/A/HIServices
0x0000000006e8d000 	/System/Library/Frameworks/ApplicationServices.framework/Versions/A/Frameworks/LangAnalysis.framework/Versions/A/LangAnalysis
0x0000000006e8d000 	/System/Library/Frameworks/ApplicationServices.framework/Versions/A/Frameworks/PrintCore.framework/Versions/A/PrintCore
0x0000000006e8d000 	/System/Library/Frameworks/ApplicationServices.framework/Versions/A/Frameworks/QD.framework/Versions/A/QD
0x0000000006e8d000 	/System/Library/Frameworks/ApplicationServices.framework/Versions/A/Frameworks/SpeechSynthesis.framework/Versions/A/SpeechSynthesis
0x0000000006e8d000 	/System/Library/Frameworks/Accelerate.framework/Versions/A/Accelerate
0x0000000006e8d000 	/System/Library/Frameworks/Accelerate.framework/Versions/A/Frameworks/vImage.framework/Versions/A/vImage
0x0000000006e8d000 	/System/Library/Frameworks/Accelerate.framework/Versions/A/Frameworks/vecLib.framework/Versions/A/vecLib
0x0000000006e8d000 	/System/Library/Frameworks/Accelerate.framework/Versions/A/Frameworks/vecLib.framework/Versions/A/libvDSP.dylib
0x0000000006e8d000 	/System/Library/Frameworks/Accelerate.framework/Versions/A/Frameworks/vecLib.framework/Versions/A/libvMisc.dylib
0x0000000006e8d000 	/System/Library/Frameworks/Accelerate.framework/Versions/A/Frameworks/vecLib.framework/Versions/A/libLAPACK.dylib
0x0000000006e8d000 	/System/Library/Frameworks/Accelerate.framework/Versions/A/Frameworks/vecLib.framework/Versions/A/libBLAS.dylib
0x0000000006e8d000 	/System/Library/Frameworks/Accelerate.framework/Versions/A/Frameworks/vecLib.framework/Versions/A/libLinearAlgebra.dylib
0x0000000006e8d000 	/System/Library/Frameworks/ApplicationServices.framework/Versions/A/Frameworks/ATS.framework/Versions/A/Resources/libFontParser.dylib
0x0000000006e8d000 	/System/Library/Frameworks/ApplicationServices.framework/Versions/A/Frameworks/ATS.framework/Versions/A/Resources/libFontRegistry.dylib
0x0000000006e8d000 	/System/Library/PrivateFrameworks/AppleVPA.framework/Versions/A/AppleVPA
0x0000000006e8d000 	/System/Library/PrivateFrameworks/AppleJPEG.framework/Versions/A/AppleJPEG
0x0000000006e8d000 	/System/Library/Frameworks/ImageIO.framework/Versions/A/Resources/libJPEG.dylib
0x0000000006e8d000 	/System/Library/Frameworks/ImageIO.framework/Versions/A/Resources/libTIFF.dylib
0x0000000006e8d000 	/System/Library/Frameworks/ImageIO.framework/Versions/A/Resources/libPng.dylib
0x0000000006e8d000 	/System/Library/Frameworks/ImageIO.framework/Versions/A/Resources/libGIF.dylib
0x0000000006e8d000 	/System/Library/Frameworks/ImageIO.framework/Versions/A/Resources/libJP2.dylib
0x0000000006e8d000 	/System/Library/Frameworks/ImageIO.framework/Versions/A/Resources/libRadiance.dylib
0x0000000006e8d000 	/System/Library/Frameworks/CoreVideo.framework/Versions/A/CoreVideo
0x0000000006e8d000 	/System/Library/Frameworks/OpenGL.framework/Versions/A/Libraries/libGLU.dylib
0x0000000006e8d000 	/System/Library/Frameworks/OpenGL.framework/Versions/A/Libraries/libGFXShared.dylib
0x0000000006e8d000 	/System/Library/Frameworks/OpenGL.framework/Versions/A/Libraries/libGL.dylib
0x0000000006e8d000 	/System/Library/Frameworks/OpenGL.framework/Versions/A/Libraries/libGLImage.dylib
0x0000000006e8d000 	/System/Library/Frameworks/OpenGL.framework/Versions/A/Libraries/libCVMSPluginSupport.dylib
0x0000000006e8d000 	/System/Library/Frameworks/OpenGL.framework/Versions/A/Libraries/libCoreVMClient.dylib
0x0000000006e8d000 	/usr/lib/libcups.2.dylib
0x0000000006e8d000 	/System/Library/Frameworks/Kerberos.framework/Versions/A/Kerberos
0x0000000006e8d000 	/System/Library/Frameworks/GSS.framework/Versions/A/GSS
0x0000000006e8d000 	/usr/lib/libresolv.9.dylib
0x0000000006e8d000 	/System/Library/PrivateFrameworks/Heimdal.framework/Versions/A/Heimdal
0x0000000006e8d000 	/usr/lib/libheimdal-asn1.dylib
0x0000000006e8d000 	/System/Library/Frameworks/OpenDirectory.framework/Versions/A/OpenDirectory
0x0000000006e8d000 	/System/Library/PrivateFrameworks/CommonAuth.framework/Versions/A/CommonAuth
0x0000000006e8d000 	/System/Library/Frameworks/SecurityFoundation.framework/Versions/A/SecurityFoundation
0x0000000006e8d000 	/System/Library/Frameworks/QuartzCore.framework/Versions/A/Frameworks/CoreImage.framework/Versions/A/CoreImage
0x0000000006e8d000 	/System/Library/PrivateFrameworks/CrashReporterSupport.framework/Versions/A/CrashReporterSupport
0x0000000006e8d000 	/System/Library/Frameworks/OpenCL.framework/Versions/A/OpenCL
0x0000000006e8d000 	/System/Library/PrivateFrameworks/FaceCore.framework/Versions/A/FaceCore
0x0000000006e8d000 	/System/Library/PrivateFrameworks/Ubiquity.framework/Versions/A/Ubiquity
0x0000000006e8d000 	/System/Library/PrivateFrameworks/IconServices.framework/Versions/A/IconServices
0x0000000006e8d000 	/System/Library/PrivateFrameworks/ChunkingLibrary.framework/Versions/A/ChunkingLibrary
0x0000000006e8d000 	/System/Library/PrivateFrameworks/Apple80211.framework/Versions/A/Apple80211
0x0000000006e8d000 	/System/Library/Frameworks/CoreWLAN.framework/Versions/A/CoreWLAN
0x0000000006e8d000 	/System/Library/Frameworks/IOBluetooth.framework/Versions/A/IOBluetooth
0x0000000006e8d000 	/System/Library/PrivateFrameworks/CoreWiFi.framework/Versions/A/CoreWiFi
0x0000000006e8d000 	/System/Library/Frameworks/CoreBluetooth.framework/Versions/A/CoreBluetooth
0x0000000006e8d000 	/System/Library/PrivateFrameworks/DebugSymbols.framework/Versions/A/DebugSymbols
0x0000000006e8d000 	/System/Library/PrivateFrameworks/CoreSymbolication.framework/Versions/A/CoreSymbolication
0x0000000006e8d000 	/System/Library/PrivateFrameworks/Symbolication.framework/Versions/A/Symbolication
0x0000000006e8d000 	/System/Library/PrivateFrameworks/SpeechRecognitionCore.framework/Versions/A/SpeechRecognitionCore
0x0000000106a1f000 	/System/Library/CoreServices/Encodings/libSimplifiedChineseConverter.dylib
0x0000000107400000 	/Library/Java/JavaVirtualMachines/jdk1.7.0_67.jdk/Contents/Home/jre/lib/server/libjvm.dylib
0x0000000006e8d000 	/usr/lib/libstdc++.6.dylib
0x0000000107e5f000 	/Library/Java/JavaVirtualMachines/jdk1.7.0_67.jdk/Contents/Home/jre/lib/libverify.dylib
0x0000000107e6c000 	/Library/Java/JavaVirtualMachines/jdk1.7.0_67.jdk/Contents/Home/jre/lib/libjava.dylib
0x0000000107ea5000 	/Library/Java/JavaVirtualMachines/jdk1.7.0_67.jdk/Contents/Home/jre/lib/libzip.dylib
0x00000001969ad000 	/System/Library/Frameworks/JavaVM.framework/Frameworks/JavaRuntimeSupport.framework/JavaRuntimeSupport
0x00000001969c5000 	/System/Library/Frameworks/JavaVM.framework/Versions/A/Frameworks/JavaNativeFoundation.framework/Versions/A/JavaNativeFoundation
0x000000010af6f000 	/System/Library/Frameworks/JavaVM.framework/Versions/A/JavaVM
0x0000000006e8d000 	/System/Library/Frameworks/Carbon.framework/Versions/A/Carbon
0x00000001969da000 	/System/Library/PrivateFrameworks/JavaLaunching.framework/Versions/A/JavaLaunching
0x0000000006e8d000 	/System/Library/Frameworks/Carbon.framework/Versions/A/Frameworks/CommonPanels.framework/Versions/A/CommonPanels
0x0000000006e8d000 	/System/Library/Frameworks/Carbon.framework/Versions/A/Frameworks/Help.framework/Versions/A/Help
0x0000000006e8d000 	/System/Library/Frameworks/Carbon.framework/Versions/A/Frameworks/ImageCapture.framework/Versions/A/ImageCapture
0x0000000006e8d000 	/System/Library/Frameworks/Carbon.framework/Versions/A/Frameworks/OpenScripting.framework/Versions/A/OpenScripting
0x0000000006e8d000 	/System/Library/Frameworks/Carbon.framework/Versions/A/Frameworks/Print.framework/Versions/A/Print
0x0000000006e8d000 	/System/Library/Frameworks/Carbon.framework/Versions/A/Frameworks/SecurityHI.framework/Versions/A/SecurityHI
0x00000001988f1000 	/Applications/IntelliJ IDEA 13.app/bin/libbreakgen64.jnilib
0x00000001989f7000 	/Library/Java/JavaVirtualMachines/jdk1.7.0_67.jdk/Contents/Home/jre/lib/libnet.dylib
0x0000000198a54000 	/Library/Java/JavaVirtualMachines/jdk1.7.0_67.jdk/Contents/Home/jre/lib/libnio.dylib
0x0000000198a6e000 	/Library/Java/JavaVirtualMachines/jdk1.7.0_67.jdk/Contents/Home/jre/lib/libawt.dylib
0x0000000198b1d000 	/Library/Java/JavaVirtualMachines/jdk1.7.0_67.jdk/Contents/Home/jre/lib/./libmlib_image.dylib
0x0000000198be9000 	/Library/Java/JavaVirtualMachines/jdk1.7.0_67.jdk/Contents/Home/jre/lib/lwawt/liblwawt.dylib
0x0000000198c9d000 	/Library/Java/JavaVirtualMachines/jdk1.7.0_67.jdk/Contents/Home/jre/lib/libosxapp.dylib
0x0000000006e8d000 	/System/Library/Frameworks/ExceptionHandling.framework/Versions/A/ExceptionHandling
0x0000000006e8d000 	/System/Library/PrivateFrameworks/CoreServicesInternal.framework/Versions/A/CoreServicesInternal
0x0000000006e8d000 	/System/Library/PrivateFrameworks/CloudDocs.framework/Versions/A/CloudDocs
0x0000000006e8d000 	/System/Library/PrivateFrameworks/CoreDuet.framework/Versions/A/CoreDuet
0x0000000006e8d000 	/System/Library/Frameworks/CloudKit.framework/Versions/A/CloudKit
0x0000000006e8d000 	/System/Library/PrivateFrameworks/ProtocolBuffer.framework/Versions/A/ProtocolBuffer
0x0000000006e8d000 	/System/Library/PrivateFrameworks/CoreDuetDaemonProtocol.framework/Versions/A/CoreDuetDaemonProtocol
0x0000000006e8d000 	/System/Library/PrivateFrameworks/CoreDuetDebugLogging.framework/Versions/A/CoreDuetDebugLogging
0x0000000006e8d000 	/System/Library/Frameworks/CoreLocation.framework/Versions/A/CoreLocation
0x0000000006e8d000 	/System/Library/Frameworks/Accounts.framework/Versions/A/Accounts
0x0000000006e8d000 	/System/Library/PrivateFrameworks/ApplePushService.framework/Versions/A/ApplePushService
0x0000000006e8d000 	/System/Library/PrivateFrameworks/GeoServices.framework/Versions/A/GeoServices
0x0000000006e8d000 	/System/Library/PrivateFrameworks/OAuth.framework/Versions/A/OAuth
0x0000000006e8d000 	/System/Library/PrivateFrameworks/CoreDaemon.framework/Versions/B/CoreDaemon
0x0000000006e8d000 	/usr/lib/libcrypto.0.9.8.dylib
0x0000000006e8d000 	/System/Library/PrivateFrameworks/AppleSRP.framework/Versions/A/AppleSRP
0x0000000006e8d000 	/System/Library/PrivateFrameworks/TrustEvaluationAgent.framework/Versions/A/TrustEvaluationAgent
0x0000000006e8d000 	/System/Library/Frameworks/CoreGraphics.framework/Versions/A/Resources/libCGCMS.A.dylib
0x0000000006e8d000 	/System/Library/Frameworks/CoreGraphics.framework/Versions/A/Resources/libRIP.A.dylib
0x0000000006e8d000 	/System/Library/Frameworks/CoreGraphics.framework/Versions/A/Resources/libCGXType.A.dylib
0x0000000006e8d000 	/System/Library/Frameworks/OpenCL.framework/Versions/A/Libraries/libcldcpuengine.dylib
0x0000000006e8d000 	/System/Library/PrivateFrameworks/DiskImages.framework/Versions/A/DiskImages
0x0000000006e8d000 	/System/Library/Frameworks/DiscRecording.framework/Versions/A/DiscRecording
0x0000000006e8d000 	/usr/lib/libcsfde.dylib
0x0000000006e8d000 	/usr/lib/libcurl.4.dylib
0x0000000006e8d000 	/System/Library/PrivateFrameworks/MediaKit.framework/Versions/A/MediaKit
0x0000000006e8d000 	/System/Library/PrivateFrameworks/ProtectedCloudStorage.framework/Versions/A/ProtectedCloudStorage
0x0000000006e8d000 	/usr/lib/libCoreStorage.dylib
0x0000000006e8d000 	/System/Library/PrivateFrameworks/EFILogin.framework/Versions/A/EFILogin
0x0000000006e8d000 	/usr/lib/libutil.dylib
0x0000000006e8d000 	/System/Library/PrivateFrameworks/FindMyDevice.framework/Versions/A/FindMyDevice
0x0000000006e8d000 	/System/Library/Frameworks/LDAP.framework/Versions/A/LDAP
0x0000000006e8d000 	/usr/lib/libsasl2.2.dylib
0x000000019c0b0000 	cl_kernels
0x000000019c0b2000 	/System/Library/Frameworks/OpenCL.framework/Versions/A/Libraries/ImageFormats/unorm8_bgra.dylib
0x000000019c0a2000 	cl_kernels
0x0000000006e8d000 	/System/Library/PrivateFrameworks/FamilyControls.framework/Versions/A/FamilyControls
0x0000000006e8d000 	/System/Library/PrivateFrameworks/CommerceKit.framework/Versions/A/Frameworks/CommerceCore.framework/Versions/A/CommerceCore
0x0000000006e8d000 	/System/Library/PrivateFrameworks/SystemAdministration.framework/Versions/A/SystemAdministration
0x0000000006e8d000 	/System/Library/PrivateFrameworks/AppContainer.framework/Versions/A/AppContainer
0x0000000006e8d000 	/System/Library/PrivateFrameworks/SecCodeWrapper.framework/Versions/A/SecCodeWrapper
0x0000000006e8d000 	/System/Library/Frameworks/DirectoryService.framework/Versions/A/DirectoryService
0x0000000006e8d000 	/System/Library/PrivateFrameworks/LoginUIKit.framework/Versions/A/Frameworks/LoginUICore.framework/Versions/A/LoginUICore
0x0000000006e8d000 	/usr/lib/libodfde.dylib
0x000000019d351000 	/Library/Java/JavaVirtualMachines/jdk1.7.0_67.jdk/Contents/Home/jre/lib/libfontmanager.dylib
0x000000019d3b8000 	/Volumes/EXTERNAL/Special Code Projects/Medieval Game/dep/natives/liblwjgl.jnilib
0x000000019b519000 	/Library/Java/JavaVirtualMachines/jdk1.7.0_67.jdk/Contents/Home/jre/lib/libjawt.dylib
0x0000000006e8d000 	/System/Library/Frameworks/OpenGL.framework/Versions/A/Resources/GLEngine.bundle/GLEngine
0x0000000006e8d000 	/System/Library/Frameworks/OpenGL.framework/Versions/A/Libraries/libGLProgrammability.dylib
0x0000000000000000 	/System/Library/Extensions/AppleIntelHD5000GraphicsGLDriver.bundle/Contents/MacOS/AppleIntelHD5000GraphicsGLDriver
0x0000000006e8d000 	/System/Library/PrivateFrameworks/IOAccelerator.framework/Versions/A/IOAccelerator
0x0000000006e8d000 	/System/Library/PrivateFrameworks/GPUSupport.framework/Versions/A/Libraries/libGPUSupportMercury.dylib
0x0000000006e8d000 	/System/Library/Frameworks/OpenGL.framework/Versions/A/Resources/GLRendererFloat.bundle/GLRendererFloat
0x000000019e203000 	/Library/Java/JavaVirtualMachines/jdk1.7.0_67.jdk/Contents/Home/jre/lib/libsunec.dylib

VM Arguments:
jvm_args: -Djava.library.path=dep/natives/ -Didea.launcher.port=7538 -Didea.launcher.bin.path=/Applications/IntelliJ IDEA 13.app/bin -Dfile.encoding=UTF-8 
java_command: com.intellij.rt.execution.application.AppMain hidden.indev0r.game.MedievalLauncher
Launcher Type: SUN_STANDARD

Environment Variables:
PATH=/usr/local/bin:/usr/bin:/bin:/usr/sbin:/sbin
SHELL=/bin/bash

Signal Handlers:
SIGSEGV: [libjvm.dylib+0x52b6c9], sa_mask[0]=0xfffefeff, sa_flags=0x00000043
SIGBUS: [libjvm.dylib+0x52b6c9], sa_mask[0]=0xfffefeff, sa_flags=0x00000042
SIGFPE: [libjvm.dylib+0x41deaa], sa_mask[0]=0xfffefeff, sa_flags=0x00000042
SIGPIPE: [libjvm.dylib+0x41deaa], sa_mask[0]=0xfffefeff, sa_flags=0x00000042
SIGXFSZ: [libjvm.dylib+0x41deaa], sa_mask[0]=0xfffefeff, sa_flags=0x00000042
SIGILL: [libjvm.dylib+0x41deaa], sa_mask[0]=0xfffefeff, sa_flags=0x00000042
SIGUSR1: SIG_DFL, sa_mask[0]=0x00000000, sa_flags=0x00000000
SIGUSR2: [libjvm.dylib+0x41d99c], sa_mask[0]=0x00000004, sa_flags=0x00000042
SIGHUP: [libjvm.dylib+0x41bc2d], sa_mask[0]=0xfffefeff, sa_flags=0x00000042
SIGINT: [libjvm.dylib+0x41bc2d], sa_mask[0]=0xfffefeff, sa_flags=0x00000042
SIGTERM: [libjvm.dylib+0x41bc2d], sa_mask[0]=0xfffefeff, sa_flags=0x00000042
SIGQUIT: [libjvm.dylib+0x41bc2d], sa_mask[0]=0xfffefeff, sa_flags=0x00000042


---------------  S Y S T E M  ---------------

OS:Bsduname:Darwin 14.0.0 Darwin Kernel Version 14.0.0: Fri Sep 19 00:26:44 PDT 2014; root:xnu-2782.1.97~2/RELEASE_X86_64 x86_64
rlimit: STACK 8192k, CORE 0k, NPROC 709, NOFILE 10240, AS infinity
load average:2.50 2.09 1.96

CPU:total 4 (2 cores per cpu, 2 threads per core) family 6 model 69 stepping 1, cmov, cx8, fxsr, mmx, sse, sse2, sse3, ssse3, sse4.1, sse4.2, popcnt, avx, avx2, aes, erms, ht, tsc, tscinvbit

Memory: 4k page, physical 8388608k(2097152k free)

/proc/meminfo:


vm_info: Java HotSpot(TM) 64-Bit Server VM (24.65-b04) for bsd-amd64 JRE (1.7.0_67-b01), built on Jul 25 2014 08:51:51 by "java_re" with gcc 4.2.1 (Based on Apple Inc. build 5658) (LLVM build 2336.11.00)

time: Sun Dec 14 03:38:03 2014
elapsed time: 13 seconds

