#
# A fatal error has been detected by the Java Runtime Environment:
#
#  SIGSEGV (0xb) at pc=0x00007fff8d8ac0dd, pid=59905, tid=1299
#
# JRE version: Java(TM) SE Runtime Environment (7.0_67-b01) (build 1.7.0_67-b01)
# Java VM: Java HotSpot(TM) 64-Bit Server VM (24.65-b04 mixed mode bsd-amd64 compressed oops)
# Problematic frame:
# C  [libobjc.A.dylib+0x10dd]  objc_msgSend+0x1d
#
# Failed to write core dump. Core dumps have been disabled. To enable core dumping, try "ulimit -c unlimited" before starting Java again
#
# If you would like to submit a bug report, please visit:
#   http://bugreport.sun.com/bugreport/crash.jsp
# The crash happened outside the Java Virtual Machine in native code.
# See problematic frame for where to report the bug.
#

---------------  T H R E A D  ---------------

Current thread (0x00007faeab06a800):  JavaThread "AppKit Thread" daemon [_thread_in_native, id=1299, stack(0x00007fff5a9a9000,0x00007fff5aa29000)]

siginfo:si_signo=SIGSEGV: si_errno=0, si_code=1 (SEGV_MAPERR), si_addr=0x000007faea949de0

Registers:
RAX=0x0000000000000000, RBX=0x00007faea9454e00, RCX=0x0000000000000000, RDX=0x00007faea94630b0
RSP=0x00007fff5aa23488, RBP=0x00007fff5aa234b0, RSI=0x00007fff8e45ab42, RDI=0x00007faea9454e00
R8 =0x0000000000000001, R9 =0x0000000000000001, R10=0x00007fff8e45ab42, R11=0x000007faea949dc8
R12=0x00007faea94630b0, R13=0x00007faea9450660, R14=0x00007faea94630b0, R15=0x00007fff5aa239a0
RIP=0x00007fff8d8ac0dd, EFLAGS=0x0000000000010202, ERR=0x0000000000000004
  TRAPNO=0x000000000000000e

Top of Stack: (sp=0x00007fff5aa23488)
0x00007fff5aa23488:   000000011694167e 00007faea94630b0
0x00007fff5aa23498:   0000000116973b98 00007faea9450660
0x00007fff5aa234a8:   0000000000000094 00007fff5aa23990
0x00007fff5aa234b8:   00007fff8dbdf775 0000000000000000
0x00007fff5aa234c8:   0000000000000000 4089000000000000
0x00007fff5aa234d8:   4082c00000000000 0000000000000000
0x00007fff5aa234e8:   0000000000000000 4089000000000000
0x00007fff5aa234f8:   4082c00000000000 4089000000000000
0x00007fff5aa23508:   4083700000000000 0000000000000000
0x00007fff5aa23518:   4082c00000000000 4089000000000000
0x00007fff5aa23528:   4036000000000000 0000000000000000
0x00007fff5aa23538:   0000000000000000 0000000000000000
0x00007fff5aa23548:   4036000000000000 00007fff8e41f2ce
0x00007fff5aa23558:   0000000000000000 00007faea975e5e0
0x00007fff5aa23568:   0000000100000000 0000000000000000
0x00007fff5aa23578:   00007faea96216b0 00007fff5aa236d0
0x00007fff5aa23588:   00007fff8dca5bc6 00007fff5aa236d0
0x00007fff5aa23598:   00007fff8dca66b2 4089000000000000
0x00007fff5aa235a8:   4036000000000000 0000000000000000
0x00007fff5aa235b8:   4082c00000000000 4089000000000000
0x00007fff5aa235c8:   4036000000000000 0000000000000000
0x00007fff5aa235d8:   0000000000000000 4089000000000000
0x00007fff5aa235e8:   4083700000000000 0000000000000000
0x00007fff5aa235f8:   4082c00000000000 00000001051f5e00
0x00007fff5aa23608:   00007faea9748870 00000000000000b0
0x00007fff5aa23618:   0000000000000002 0000000000000488
0x00007fff5aa23628:   00000001051f1000 00007fff5aa236d0
0x00007fff5aa23638:   00007fff8093b4ff 0000000000000000
0x00007fff5aa23648:   00000001051f1000 00007fff5aa236f0
0x00007fff5aa23658:   0000000000000489 00007fff5aa2375f
0x00007fff5aa23668:   0000000000000080 00007faea97fc080
0x00007fff5aa23678:   00007faea97487c0 0000000000000009 

Instructions: (pc=0x00007fff8d8ac0dd)
0x00007fff8d8ac0bd:   00 00 00 48 85 ff 2e 74 7a 40 f6 c7 01 2e 75 7e
0x00007fff8d8ac0cd:   49 bb f8 ff ff ff ff 7f 00 00 4c 23 1f 49 89 f2
0x00007fff8d8ac0dd:   45 23 53 18 49 c1 e2 04 4d 03 53 10 49 3b 32 75
0x00007fff8d8ac0ed:   04 41 ff 62 08 49 83 3a 00 74 6a 4d 3b 53 10 74 

Register to memory mapping:

RAX=0x0000000000000000 is an unknown value
RBX=0x00007faea9454e00 is an unknown value
RCX=0x0000000000000000 is an unknown value
RDX=0x00007faea94630b0 is an unknown value
RSP=0x00007fff5aa23488 is pointing into the stack for thread: 0x00007faeab06a800
RBP=0x00007fff5aa234b0 is pointing into the stack for thread: 0x00007faeab06a800
RSI=0x00007fff8e45ab42: -[NSTitlebarContainerView shouldRoundCorners]+0x5c5a4 in /System/Library/Frameworks/AppKit.framework/Versions/C/AppKit at 0x00007fff8da91000
RDI=0x00007faea9454e00 is an unknown value
R8 =0x0000000000000001 is an unknown value
R9 =0x0000000000000001 is an unknown value
R10=0x00007fff8e45ab42: -[NSTitlebarContainerView shouldRoundCorners]+0x5c5a4 in /System/Library/Frameworks/AppKit.framework/Versions/C/AppKit at 0x00007fff8da91000
R11=0x000007faea949dc8 is an unknown value
R12=0x00007faea94630b0 is an unknown value
R13=0x00007faea9450660 is an unknown value
R14=0x00007faea94630b0 is an unknown value
R15=0x00007fff5aa239a0 is pointing into the stack for thread: 0x00007faeab06a800


Stack: [0x00007fff5a9a9000,0x00007fff5aa29000],  sp=0x00007fff5aa23488,  free space=489k
Native frames: (J=compiled Java code, j=interpreted, Vv=VM code, C=native code)
C  [libobjc.A.dylib+0x10dd]  objc_msgSend+0x1d
C  [AppKit+0x14e775]  -[NSView _recursiveDisplayRectIfNeededIgnoringOpacity:isVisibleRect:rectIsVisibleRectForView:topView:]+0x740
C  [AppKit+0x14f7d0]  -[NSView _recursiveDisplayRectIfNeededIgnoringOpacity:isVisibleRect:rectIsVisibleRectForView:topView:]+0x179b
C  [AppKit+0x14db23]  -[NSThemeFrame _recursiveDisplayRectIfNeededIgnoringOpacity:isVisibleRect:rectIsVisibleRectForView:topView:]+0x14d
C  [AppKit+0x14a67b]  -[NSView _displayRectIgnoringOpacity:isVisibleRect:rectIsVisibleRectForView:]+0xac9
C  [AppKit+0x12907a]  -[NSView displayIfNeeded]+0x754
C  [AppKit+0x146575]  -[NSWindow displayIfNeeded]+0xe8
C  [AppKit+0x183772]  _handleWindowNeedsDisplayOrLayoutOrUpdateConstraints+0x3a8
C  [AppKit+0x748cf1]  __83-[NSWindow _postWindowNeedsDisplayOrLayoutOrUpdateConstraintsUnlessPostingDisabled]_block_invoke1523+0x2e
C  [CoreFoundation+0x7fd87]  __CFRUNLOOP_IS_CALLING_OUT_TO_AN_OBSERVER_CALLBACK_FUNCTION__+0x17
C  [CoreFoundation+0x7fce0]  __CFRunLoopDoObservers+0x170
C  [CoreFoundation+0x71de8]  __CFRunLoopRun+0x368
C  [CoreFoundation+0x71838]  CFRunLoopRunSpecific+0x128
C  [HIToolbox+0x2e43f]  RunCurrentEventLoopInMode+0xeb
C  [HIToolbox+0x2e0be]  ReceiveNextEventCommon+0xb3
C  [HIToolbox+0x2dffb]  _BlockUntilNextEventMatchingListInModeWithFilter+0x47
C  [AppKit+0x246d1]  _DPSNextEvent+0x3c4
C  [AppKit+0x23e80]  -[NSApplication nextEventMatchingMask:untilDate:inMode:dequeue:]+0xc2
C  [libosxapp.dylib+0x24e3]  -[NSApplicationAWT nextEventMatchingMask:untilDate:inMode:dequeue:]+0x7c
C  [AppKit+0x17e23]  -[NSApplication run]+0x252
C  [libosxapp.dylib+0x2346]  +[NSApplicationAWT runAWTLoopWithApp:]+0x9c
C  [liblwawt.dylib+0xd889]  -[AWTStarter starter:]+0x369
C  [Foundation+0x65f4c]  __NSThreadPerformPerform+0x125
C  [CoreFoundation+0x80661]  __CFRUNLOOP_IS_CALLING_OUT_TO_A_SOURCE0_PERFORM_FUNCTION__+0x11
C  [CoreFoundation+0x727ed]  __CFRunLoopDoSources0+0x10d
C  [CoreFoundation+0x71e1f]  __CFRunLoopRun+0x39f
C  [CoreFoundation+0x71838]  CFRunLoopRunSpecific+0x128
C  [java+0x73b0]  CreateExecutionEnvironment+0x367
C  [java+0x1b5c]  JLI_Launch+0x7a0
C  [java+0x770d]  main+0x65
C  [java+0x13b4]  start+0x34


---------------  P R O C E S S  ---------------

Java Threads: ( => current thread )
  0x00007faeaa1bb000 JavaThread "AWT-Shutdown" [_thread_blocked, id=37143, stack(0x000000010ff66000,0x0000000110066000)]
=>0x00007faeab06a800 JavaThread "AppKit Thread" daemon [_thread_in_native, id=1299, stack(0x00007fff5a9a9000,0x00007fff5aa29000)]
  0x00007faea983b800 JavaThread "Monitor Ctrl-Break" daemon [_thread_in_native, id=18435, stack(0x0000000111df2000,0x0000000111ef2000)]
  0x00007faeab02d800 JavaThread "Service Thread" daemon [_thread_blocked, id=17411, stack(0x00000001119ed000,0x0000000111aed000)]
  0x00007faeab02c800 JavaThread "C2 CompilerThread1" daemon [_thread_blocked, id=16899, stack(0x00000001118ea000,0x00000001119ea000)]
  0x00007faeaa025000 JavaThread "C2 CompilerThread0" daemon [_thread_blocked, id=16387, stack(0x00000001117e7000,0x00000001118e7000)]
  0x00007faeaa801000 JavaThread "Signal Dispatcher" daemon [_thread_blocked, id=12303, stack(0x00000001116e4000,0x00000001117e4000)]
  0x00007faeaa00f000 JavaThread "Finalizer" daemon [_thread_blocked, id=11523, stack(0x000000010fe32000,0x000000010ff32000)]
  0x00007faeaa00e800 JavaThread "Reference Handler" daemon [_thread_blocked, id=11011, stack(0x000000010fd2f000,0x000000010fe2f000)]
  0x00007faeab001000 JavaThread "main" [_thread_in_native, id=4867, stack(0x0000000106660000,0x0000000106760000)]

Other Threads:
  0x00007faeab013800 VMThread [stack: 0x000000010fc2c000,0x000000010fd2c000] [id=10499]
  0x00007faeab023800 WatcherThread [stack: 0x0000000111af0000,0x0000000111bf0000] [id=17923]

VM state:not at safepoint (normal execution)

VM Mutex/Monitor currently owned by a thread: None

Heap
 PSYoungGen      total 38912K, used 12320K [0x00000007d5500000, 0x00000007d8000000, 0x0000000800000000)
  eden space 33792K, 21% used [0x00000007d5500000,0x00000007d5c0aa00,0x00000007d7600000)
  from space 5120K, 99% used [0x00000007d7b00000,0x00000007d7ffd888,0x00000007d8000000)
  to   space 5120K, 0% used [0x00000007d7600000,0x00000007d7600000,0x00000007d7b00000)
 ParOldGen       total 87040K, used 2528K [0x0000000780000000, 0x0000000785500000, 0x00000007d5500000)
  object space 87040K, 2% used [0x0000000780000000,0x00000007802780d8,0x0000000785500000)
 PSPermGen       total 21504K, used 9873K [0x000000077ae00000, 0x000000077c300000, 0x0000000780000000)
  object space 21504K, 45% used [0x000000077ae00000,0x000000077b7a4548,0x000000077c300000)

Card table byte_map: [0x0000000109822000,0x0000000109c4c000] byte_map_base: 0x0000000105c4b000

Polling page: 0x000000010533c000

Code Cache  [0x0000000106762000, 0x00000001069d2000, 0x0000000109762000)
 total_blobs=685 nmethods=311 adapters=328 free_code_cache=47925Kb largest_free_block=49040320

Compilation events (10 events):
Event: 18.842 Thread 0x00007faeab02c800  306             java.nio.DirectIntBufferU::ix (10 bytes)
Event: 18.843 Thread 0x00007faeab02c800 nmethod 306 0x000000010688ef90 code [0x000000010688f0c0, 0x000000010688f138]
Event: 23.097 Thread 0x00007faeaa025000  308   !         org.lwjgl.opengl.Display::isCreated (17 bytes)
Event: 23.099 Thread 0x00007faeaa025000 nmethod 308 0x0000000106890490 code [0x00000001068905e0, 0x0000000106890838]
Event: 26.034 Thread 0x00007faeab02c800  310             java.nio.DirectIntBufferU::get (16 bytes)
Event: 26.035 Thread 0x00007faeab02c800 nmethod 310 0x0000000106890210 code [0x0000000106890340, 0x00000001068903d8]
Event: 30.858 Thread 0x00007faeaa025000  311             java.nio.Buffer::limit (62 bytes)
Event: 30.859 Thread 0x00007faeaa025000 nmethod 311 0x000000010688ffd0 code [0x0000000106890100, 0x0000000106890198]
Event: 33.497 Thread 0x00007faeab02c800  312             java.nio.DirectByteBuffer::put (123 bytes)
Event: 33.503 Thread 0x00007faeab02c800 nmethod 312 0x000000010688f790 code [0x000000010688f900, 0x000000010688fcd8]

GC Heap History (4 events):
Event: 2.347 GC heap before
{Heap before GC invocations=1 (full 0):
 PSYoungGen      total 38912K, used 33792K [0x00000007d5500000, 0x00000007d8000000, 0x0000000800000000)
  eden space 33792K, 100% used [0x00000007d5500000,0x00000007d7600000,0x00000007d7600000)
  from space 5120K, 0% used [0x00000007d7b00000,0x00000007d7b00000,0x00000007d8000000)
  to   space 5120K, 0% used [0x00000007d7600000,0x00000007d7600000,0x00000007d7b00000)
 ParOldGen       total 87040K, used 0K [0x0000000780000000, 0x0000000785500000, 0x00000007d5500000)
  object space 87040K, 0% used [0x0000000780000000,0x0000000780000000,0x0000000785500000)
 PSPermGen       total 21504K, used 9825K [0x000000077ae00000, 0x000000077c300000, 0x0000000780000000)
  object space 21504K, 45% used [0x000000077ae00000,0x000000077b7985b0,0x000000077c300000)
Event: 2.356 GC heap after
Heap after GC invocations=1 (full 0):
 PSYoungGen      total 38912K, used 5094K [0x00000007d5500000, 0x00000007d8000000, 0x0000000800000000)
  eden space 33792K, 0% used [0x00000007d5500000,0x00000007d5500000,0x00000007d7600000)
  from space 5120K, 99% used [0x00000007d7600000,0x00000007d7af9878,0x00000007d7b00000)
  to   space 5120K, 0% used [0x00000007d7b00000,0x00000007d7b00000,0x00000007d8000000)
 ParOldGen       total 87040K, used 2520K [0x0000000780000000, 0x0000000785500000, 0x00000007d5500000)
  object space 87040K, 2% used [0x0000000780000000,0x00000007802760d8,0x0000000785500000)
 PSPermGen       total 21504K, used 9825K [0x000000077ae00000, 0x000000077c300000, 0x0000000780000000)
  object space 21504K, 45% used [0x000000077ae00000,0x000000077b7985b0,0x000000077c300000)
}
Event: 14.714 GC heap before
{Heap before GC invocations=2 (full 0):
 PSYoungGen      total 38912K, used 38886K [0x00000007d5500000, 0x00000007d8000000, 0x0000000800000000)
  eden space 33792K, 100% used [0x00000007d5500000,0x00000007d7600000,0x00000007d7600000)
  from space 5120K, 99% used [0x00000007d7600000,0x00000007d7af9878,0x00000007d7b00000)
  to   space 5120K, 0% used [0x00000007d7b00000,0x00000007d7b00000,0x00000007d8000000)
 ParOldGen       total 87040K, used 2520K [0x0000000780000000, 0x0000000785500000, 0x00000007d5500000)
  object space 87040K, 2% used [0x0000000780000000,0x00000007802760d8,0x0000000785500000)
 PSPermGen       total 21504K, used 9842K [0x000000077ae00000, 0x000000077c300000, 0x0000000780000000)
  object space 21504K, 45% used [0x000000077ae00000,0x000000077b79c998,0x000000077c300000)
Event: 14.720 GC heap after
Heap after GC invocations=2 (full 0):
 PSYoungGen      total 38912K, used 5110K [0x00000007d5500000, 0x00000007d8000000, 0x0000000800000000)
  eden space 33792K, 0% used [0x00000007d5500000,0x00000007d5500000,0x00000007d7600000)
  from space 5120K, 99% used [0x00000007d7b00000,0x00000007d7ffd888,0x00000007d8000000)
  to   space 5120K, 0% used [0x00000007d7600000,0x00000007d7600000,0x00000007d7b00000)
 ParOldGen       total 87040K, used 2528K [0x0000000780000000, 0x0000000785500000, 0x00000007d5500000)
  object space 87040K, 2% used [0x0000000780000000,0x00000007802780d8,0x0000000785500000)
 PSPermGen       total 21504K, used 9842K [0x000000077ae00000, 0x000000077c300000, 0x0000000780000000)
  object space 21504K, 45% used [0x000000077ae00000,0x000000077b79c998,0x000000077c300000)
}

Deoptimization events (10 events):
Event: 1.998 Thread 0x00007faeab001000 Uncommon trap: reason=class_check action=maybe_recompile pc=0x000000010683bc10 method=com.sun.org.apache.xerces.internal.dom.DeepNodeListImpl.nextMatchingElementAfter(Lorg/w3c/dom/Node;)Lorg/w3c/dom/Node; @ 97
Event: 2.155 Thread 0x00007faeab001000 Uncommon trap: reason=class_check action=maybe_recompile pc=0x0000000106816eec method=com.sun.org.apache.xerces.internal.impl.XMLDocumentFragmentScannerImpl.scanStartElement()Z @ 430
Event: 2.156 Thread 0x00007faeab001000 Uncommon trap: reason=class_check action=maybe_recompile pc=0x0000000106814724 method=com.sun.org.apache.xerces.internal.dom.DeferredDocumentImpl.synchronizeChildren(Lcom/sun/org/apache/xerces/internal/dom/ParentNode;I)V @ 40
Event: 2.156 Thread 0x00007faeab001000 Uncommon trap: reason=class_check action=maybe_recompile pc=0x0000000106810bfc method=com.sun.org.apache.xerces.internal.dom.ElementImpl.normalize()V @ 34
Event: 2.157 Thread 0x00007faeab001000 Uncommon trap: reason=class_check action=maybe_recompile pc=0x0000000106853214 method=com.sun.org.apache.xerces.internal.dom.DeepNodeListImpl.item(I)Lorg/w3c/dom/Node; @ 4
Event: 4.728 Thread 0x00007faeab001000 Uncommon trap: reason=predicate action=maybe_recompile pc=0x000000010688d4c0 method=java.util.Arrays.fill([Ljava/lang/Object;Ljava/lang/Object;)V @ 10
Event: 5.845 Thread 0x00007faeab001000 Uncommon trap: reason=array_check action=maybe_recompile pc=0x000000010688e6f8 method=java.util.Arrays.fill([Ljava/lang/Object;Ljava/lang/Object;)V @ 13
Event: 5.845 Thread 0x00007faeab001000 Uncommon trap: reason=array_check action=maybe_recompile pc=0x000000010688e6f8 method=java.util.Arrays.fill([Ljava/lang/Object;Ljava/lang/Object;)V @ 13
Event: 5.845 Thread 0x00007faeab001000 Uncommon trap: reason=array_check action=maybe_recompile pc=0x000000010688e6f8 method=java.util.Arrays.fill([Ljava/lang/Object;Ljava/lang/Object;)V @ 13
Event: 5.845 Thread 0x00007faeab001000 Uncommon trap: reason=array_check action=maybe_recompile pc=0x000000010688e6f8 method=java.util.Arrays.fill([Ljava/lang/Object;Ljava/lang/Object;)V @ 13

Internal exceptions (10 events):
Event: 2.190 Thread 0x00007faeab001000 Threw 0x00000007d74b37f8 at /HUDSON/workspace/7u-2-build-macosx-x86_64/jdk7u67/1368/hotspot/src/share/vm/prims/jvm.cpp:1244
Event: 2.191 Thread 0x00007faeab001000 Threw 0x00000007d74bd538 at /HUDSON/workspace/7u-2-build-macosx-x86_64/jdk7u67/1368/hotspot/src/share/vm/prims/jvm.cpp:1244
Event: 2.192 Thread 0x00007faeab001000 Threw 0x00000007d74c6e48 at /HUDSON/workspace/7u-2-build-macosx-x86_64/jdk7u67/1368/hotspot/src/share/vm/prims/jvm.cpp:1244
Event: 2.193 Thread 0x00007faeab001000 Threw 0x00000007d74cfe18 at /HUDSON/workspace/7u-2-build-macosx-x86_64/jdk7u67/1368/hotspot/src/share/vm/prims/jvm.cpp:1244
Event: 2.195 Thread 0x00007faeab001000 Threw 0x00000007d74d9db8 at /HUDSON/workspace/7u-2-build-macosx-x86_64/jdk7u67/1368/hotspot/src/share/vm/prims/jvm.cpp:1244
Event: 2.207 Thread 0x00007faeab001000 Threw 0x00000007d74e6888 at /HUDSON/workspace/7u-2-build-macosx-x86_64/jdk7u67/1368/hotspot/src/share/vm/prims/jvm.cpp:1244
Event: 2.214 Thread 0x00007faeab001000 Threw 0x00000007d74ed920 at /HUDSON/workspace/7u-2-build-macosx-x86_64/jdk7u67/1368/hotspot/src/share/vm/prims/jvm.cpp:1244
Event: 2.222 Thread 0x00007faeab001000 Threw 0x00000007d74f8738 at /HUDSON/workspace/7u-2-build-macosx-x86_64/jdk7u67/1368/hotspot/src/share/vm/prims/jvm.cpp:1244
Event: 2.236 Thread 0x00007faeab001000 Threw 0x00000007d74fec28 at /HUDSON/workspace/7u-2-build-macosx-x86_64/jdk7u67/1368/hotspot/src/share/vm/prims/jvm.cpp:1244
Event: 34.805 Thread 0x00007faeab001000 Threw 0x00000007d5bedd10 at /HUDSON/workspace/7u-2-build-macosx-x86_64/jdk7u67/1368/hotspot/src/share/vm/prims/jvm.cpp:1244

Events (10 events):
Event: 21.663 Executing VM operation: RevokeBias
Event: 21.663 Executing VM operation: RevokeBias done
Event: 21.663 Thread 0x00007faea9a34000 Thread exited: 0x00007faea9a34000
Event: 30.356 Thread 0x00007faea9a34000 Thread added: 0x00007faea9a34000
Event: 31.361 Executing VM operation: RevokeBias
Event: 31.361 Executing VM operation: RevokeBias done
Event: 31.361 Thread 0x00007faea9a34000 Thread exited: 0x00007faea9a34000
Event: 33.133 Thread 0x00007faeaa1bb000 Thread added: 0x00007faeaa1bb000
Event: 34.805 loading class 0x00007faea977f4a0
Event: 34.805 loading class 0x00007faea977f4a0 done


Dynamic libraries:
0x000000000082d000 	/System/Library/Frameworks/Cocoa.framework/Versions/A/Cocoa
0x000000000082d000 	/System/Library/Frameworks/Security.framework/Versions/A/Security
0x000000000082d000 	/System/Library/Frameworks/ApplicationServices.framework/Versions/A/ApplicationServices
0x000000000082d000 	/usr/lib/libz.1.dylib
0x000000000082d000 	/usr/lib/libSystem.B.dylib
0x000000000082d000 	/usr/lib/libobjc.A.dylib
0x000000000082d000 	/System/Library/Frameworks/CoreFoundation.framework/Versions/A/CoreFoundation
0x000000000082d000 	/System/Library/Frameworks/Foundation.framework/Versions/C/Foundation
0x000000000082d000 	/System/Library/Frameworks/AppKit.framework/Versions/C/AppKit
0x000000000082d000 	/System/Library/Frameworks/CoreData.framework/Versions/A/CoreData
0x000000000082d000 	/System/Library/PrivateFrameworks/RemoteViewServices.framework/Versions/A/RemoteViewServices
0x000000000082d000 	/System/Library/PrivateFrameworks/UIFoundation.framework/Versions/A/UIFoundation
0x000000000082d000 	/System/Library/Frameworks/IOSurface.framework/Versions/A/IOSurface
0x000000000082d000 	/System/Library/Frameworks/AudioToolbox.framework/Versions/A/AudioToolbox
0x000000000082d000 	/System/Library/Frameworks/AudioUnit.framework/Versions/A/AudioUnit
0x000000000082d000 	/System/Library/PrivateFrameworks/DataDetectorsCore.framework/Versions/A/DataDetectorsCore
0x000000000082d000 	/System/Library/PrivateFrameworks/DesktopServicesPriv.framework/Versions/A/DesktopServicesPriv
0x000000000082d000 	/System/Library/Frameworks/Carbon.framework/Versions/A/Frameworks/HIToolbox.framework/Versions/A/HIToolbox
0x000000000082d000 	/System/Library/Frameworks/QuartzCore.framework/Versions/A/QuartzCore
0x000000000082d000 	/System/Library/Frameworks/Carbon.framework/Versions/A/Frameworks/SpeechRecognition.framework/Versions/A/SpeechRecognition
0x000000000082d000 	/usr/lib/libauto.dylib
0x000000000082d000 	/usr/lib/libicucore.A.dylib
0x000000000082d000 	/usr/lib/libxml2.2.dylib
0x000000000082d000 	/System/Library/PrivateFrameworks/CoreUI.framework/Versions/A/CoreUI
0x000000000082d000 	/System/Library/Frameworks/CoreAudio.framework/Versions/A/CoreAudio
0x000000000082d000 	/System/Library/Frameworks/DiskArbitration.framework/Versions/A/DiskArbitration
0x000000000082d000 	/usr/lib/liblangid.dylib
0x000000000082d000 	/System/Library/PrivateFrameworks/MultitouchSupport.framework/Versions/A/MultitouchSupport
0x000000000082d000 	/System/Library/Frameworks/IOKit.framework/Versions/A/IOKit
0x000000000082d000 	/usr/lib/libDiagnosticMessagesClient.dylib
0x000000000082d000 	/System/Library/Frameworks/CoreServices.framework/Versions/A/CoreServices
0x000000000082d000 	/System/Library/PrivateFrameworks/PerformanceAnalysis.framework/Versions/A/PerformanceAnalysis
0x000000000082d000 	/System/Library/PrivateFrameworks/GenerationalStorage.framework/Versions/A/GenerationalStorage
0x000000000082d000 	/System/Library/Frameworks/OpenGL.framework/Versions/A/OpenGL
0x000000000082d000 	/System/Library/PrivateFrameworks/Sharing.framework/Versions/A/Sharing
0x000000000082d000 	/System/Library/Frameworks/CoreGraphics.framework/Versions/A/CoreGraphics
0x000000000082d000 	/System/Library/Frameworks/CoreText.framework/Versions/A/CoreText
0x000000000082d000 	/System/Library/Frameworks/ImageIO.framework/Versions/A/ImageIO
0x000000000082d000 	/usr/lib/libextension.dylib
0x000000000082d000 	/System/Library/PrivateFrameworks/Backup.framework/Versions/A/Backup
0x000000000082d000 	/usr/lib/libarchive.2.dylib
0x000000000082d000 	/System/Library/Frameworks/CFNetwork.framework/Versions/A/CFNetwork
0x000000000082d000 	/System/Library/Frameworks/SystemConfiguration.framework/Versions/A/SystemConfiguration
0x000000000082d000 	/usr/lib/libCRFSuite.dylib
0x000000000082d000 	/usr/lib/libc++.1.dylib
0x000000000082d000 	/usr/lib/libc++abi.dylib
0x000000000082d000 	/usr/lib/system/libcache.dylib
0x000000000082d000 	/usr/lib/system/libcommonCrypto.dylib
0x000000000082d000 	/usr/lib/system/libcompiler_rt.dylib
0x000000000082d000 	/usr/lib/system/libcopyfile.dylib
0x000000000082d000 	/usr/lib/system/libcorecrypto.dylib
0x000000000082d000 	/usr/lib/system/libdispatch.dylib
0x000000000082d000 	/usr/lib/system/libdyld.dylib
0x000000000082d000 	/usr/lib/system/libkeymgr.dylib
0x000000000082d000 	/usr/lib/system/liblaunch.dylib
0x000000000082d000 	/usr/lib/system/libmacho.dylib
0x000000000082d000 	/usr/lib/system/libquarantine.dylib
0x000000000082d000 	/usr/lib/system/libremovefile.dylib
0x000000000082d000 	/usr/lib/system/libsystem_asl.dylib
0x000000000082d000 	/usr/lib/system/libsystem_blocks.dylib
0x000000000082d000 	/usr/lib/system/libsystem_c.dylib
0x000000000082d000 	/usr/lib/system/libsystem_configuration.dylib
0x000000000082d000 	/usr/lib/system/libsystem_coreservices.dylib
0x000000000082d000 	/usr/lib/system/libsystem_coretls.dylib
0x000000000082d000 	/usr/lib/system/libsystem_dnssd.dylib
0x000000000082d000 	/usr/lib/system/libsystem_info.dylib
0x000000000082d000 	/usr/lib/system/libsystem_kernel.dylib
0x000000000082d000 	/usr/lib/system/libsystem_m.dylib
0x000000000082d000 	/usr/lib/system/libsystem_malloc.dylib
0x000000000082d000 	/usr/lib/system/libsystem_network.dylib
0x000000000082d000 	/usr/lib/system/libsystem_networkextension.dylib
0x000000000082d000 	/usr/lib/system/libsystem_notify.dylib
0x000000000082d000 	/usr/lib/system/libsystem_platform.dylib
0x000000000082d000 	/usr/lib/system/libsystem_pthread.dylib
0x000000000082d000 	/usr/lib/system/libsystem_sandbox.dylib
0x000000000082d000 	/usr/lib/system/libsystem_secinit.dylib
0x000000000082d000 	/usr/lib/system/libsystem_stats.dylib
0x000000000082d000 	/usr/lib/system/libsystem_trace.dylib
0x000000000082d000 	/usr/lib/system/libunc.dylib
0x000000000082d000 	/usr/lib/system/libunwind.dylib
0x000000000082d000 	/usr/lib/system/libxpc.dylib
0x000000000082d000 	/usr/lib/libbz2.1.0.dylib
0x000000000082d000 	/usr/lib/liblzma.5.dylib
0x000000000082d000 	/usr/lib/libbsm.0.dylib
0x000000000082d000 	/usr/lib/libsqlite3.dylib
0x000000000082d000 	/usr/lib/system/libkxld.dylib
0x000000000082d000 	/usr/lib/libxar.1.dylib
0x000000000082d000 	/usr/lib/libpam.2.dylib
0x000000000082d000 	/usr/lib/libOpenScriptingUtil.dylib
0x000000000082d000 	/System/Library/Frameworks/CoreServices.framework/Versions/A/Frameworks/FSEvents.framework/Versions/A/FSEvents
0x000000000082d000 	/System/Library/Frameworks/CoreServices.framework/Versions/A/Frameworks/CarbonCore.framework/Versions/A/CarbonCore
0x000000000082d000 	/System/Library/Frameworks/CoreServices.framework/Versions/A/Frameworks/Metadata.framework/Versions/A/Metadata
0x000000000082d000 	/System/Library/Frameworks/CoreServices.framework/Versions/A/Frameworks/OSServices.framework/Versions/A/OSServices
0x000000000082d000 	/System/Library/Frameworks/CoreServices.framework/Versions/A/Frameworks/SearchKit.framework/Versions/A/SearchKit
0x000000000082d000 	/System/Library/Frameworks/CoreServices.framework/Versions/A/Frameworks/AE.framework/Versions/A/AE
0x000000000082d000 	/System/Library/Frameworks/CoreServices.framework/Versions/A/Frameworks/LaunchServices.framework/Versions/A/LaunchServices
0x000000000082d000 	/System/Library/Frameworks/CoreServices.framework/Versions/A/Frameworks/DictionaryServices.framework/Versions/A/DictionaryServices
0x000000000082d000 	/System/Library/Frameworks/NetFS.framework/Versions/A/NetFS
0x000000000082d000 	/System/Library/PrivateFrameworks/NetAuth.framework/Versions/A/NetAuth
0x000000000082d000 	/System/Library/PrivateFrameworks/login.framework/Versions/A/Frameworks/loginsupport.framework/Versions/A/loginsupport
0x000000000082d000 	/System/Library/PrivateFrameworks/TCC.framework/Versions/A/TCC
0x000000000082d000 	/usr/lib/libmecabra.dylib
0x000000000082d000 	/System/Library/PrivateFrameworks/LanguageModeling.framework/Versions/A/LanguageModeling
0x000000000082d000 	/usr/lib/libcmph.dylib
0x000000000082d000 	/usr/lib/libiconv.2.dylib
0x000000000082d000 	/System/Library/Frameworks/OpenDirectory.framework/Versions/A/Frameworks/CFOpenDirectory.framework/Versions/A/CFOpenDirectory
0x000000000082d000 	/System/Library/Frameworks/ServiceManagement.framework/Versions/A/ServiceManagement
0x000000000082d000 	/usr/lib/libxslt.1.dylib
0x000000000082d000 	/System/Library/Frameworks/Carbon.framework/Versions/A/Frameworks/Ink.framework/Versions/A/Ink
0x000000000082d000 	/System/Library/Frameworks/ApplicationServices.framework/Versions/A/Frameworks/ATS.framework/Versions/A/ATS
0x000000000082d000 	/System/Library/Frameworks/ApplicationServices.framework/Versions/A/Frameworks/ColorSync.framework/Versions/A/ColorSync
0x000000000082d000 	/System/Library/Frameworks/ApplicationServices.framework/Versions/A/Frameworks/HIServices.framework/Versions/A/HIServices
0x000000000082d000 	/System/Library/Frameworks/ApplicationServices.framework/Versions/A/Frameworks/LangAnalysis.framework/Versions/A/LangAnalysis
0x000000000082d000 	/System/Library/Frameworks/ApplicationServices.framework/Versions/A/Frameworks/PrintCore.framework/Versions/A/PrintCore
0x000000000082d000 	/System/Library/Frameworks/ApplicationServices.framework/Versions/A/Frameworks/QD.framework/Versions/A/QD
0x000000000082d000 	/System/Library/Frameworks/ApplicationServices.framework/Versions/A/Frameworks/SpeechSynthesis.framework/Versions/A/SpeechSynthesis
0x000000000082d000 	/System/Library/Frameworks/Accelerate.framework/Versions/A/Accelerate
0x000000000082d000 	/System/Library/Frameworks/Accelerate.framework/Versions/A/Frameworks/vImage.framework/Versions/A/vImage
0x000000000082d000 	/System/Library/Frameworks/Accelerate.framework/Versions/A/Frameworks/vecLib.framework/Versions/A/vecLib
0x000000000082d000 	/System/Library/Frameworks/Accelerate.framework/Versions/A/Frameworks/vecLib.framework/Versions/A/libvDSP.dylib
0x000000000082d000 	/System/Library/Frameworks/Accelerate.framework/Versions/A/Frameworks/vecLib.framework/Versions/A/libvMisc.dylib
0x000000000082d000 	/System/Library/Frameworks/Accelerate.framework/Versions/A/Frameworks/vecLib.framework/Versions/A/libLAPACK.dylib
0x000000000082d000 	/System/Library/Frameworks/Accelerate.framework/Versions/A/Frameworks/vecLib.framework/Versions/A/libBLAS.dylib
0x000000000082d000 	/System/Library/Frameworks/Accelerate.framework/Versions/A/Frameworks/vecLib.framework/Versions/A/libLinearAlgebra.dylib
0x000000000082d000 	/System/Library/Frameworks/ApplicationServices.framework/Versions/A/Frameworks/ATS.framework/Versions/A/Resources/libFontParser.dylib
0x000000000082d000 	/System/Library/Frameworks/ApplicationServices.framework/Versions/A/Frameworks/ATS.framework/Versions/A/Resources/libFontRegistry.dylib
0x000000000082d000 	/System/Library/PrivateFrameworks/AppleVPA.framework/Versions/A/AppleVPA
0x000000000082d000 	/System/Library/PrivateFrameworks/AppleJPEG.framework/Versions/A/AppleJPEG
0x000000000082d000 	/System/Library/Frameworks/ImageIO.framework/Versions/A/Resources/libJPEG.dylib
0x000000000082d000 	/System/Library/Frameworks/ImageIO.framework/Versions/A/Resources/libTIFF.dylib
0x000000000082d000 	/System/Library/Frameworks/ImageIO.framework/Versions/A/Resources/libPng.dylib
0x000000000082d000 	/System/Library/Frameworks/ImageIO.framework/Versions/A/Resources/libGIF.dylib
0x000000000082d000 	/System/Library/Frameworks/ImageIO.framework/Versions/A/Resources/libJP2.dylib
0x000000000082d000 	/System/Library/Frameworks/ImageIO.framework/Versions/A/Resources/libRadiance.dylib
0x000000000082d000 	/System/Library/Frameworks/CoreVideo.framework/Versions/A/CoreVideo
0x000000000082d000 	/System/Library/Frameworks/OpenGL.framework/Versions/A/Libraries/libGLU.dylib
0x000000000082d000 	/System/Library/Frameworks/OpenGL.framework/Versions/A/Libraries/libGFXShared.dylib
0x000000000082d000 	/System/Library/Frameworks/OpenGL.framework/Versions/A/Libraries/libGL.dylib
0x000000000082d000 	/System/Library/Frameworks/OpenGL.framework/Versions/A/Libraries/libGLImage.dylib
0x000000000082d000 	/System/Library/Frameworks/OpenGL.framework/Versions/A/Libraries/libCVMSPluginSupport.dylib
0x000000000082d000 	/System/Library/Frameworks/OpenGL.framework/Versions/A/Libraries/libCoreVMClient.dylib
0x000000000082d000 	/usr/lib/libcups.2.dylib
0x000000000082d000 	/System/Library/Frameworks/Kerberos.framework/Versions/A/Kerberos
0x000000000082d000 	/System/Library/Frameworks/GSS.framework/Versions/A/GSS
0x000000000082d000 	/usr/lib/libresolv.9.dylib
0x000000000082d000 	/System/Library/PrivateFrameworks/Heimdal.framework/Versions/A/Heimdal
0x000000000082d000 	/usr/lib/libheimdal-asn1.dylib
0x000000000082d000 	/System/Library/Frameworks/OpenDirectory.framework/Versions/A/OpenDirectory
0x000000000082d000 	/System/Library/PrivateFrameworks/CommonAuth.framework/Versions/A/CommonAuth
0x000000000082d000 	/System/Library/Frameworks/SecurityFoundation.framework/Versions/A/SecurityFoundation
0x000000000082d000 	/System/Library/Frameworks/QuartzCore.framework/Versions/A/Frameworks/CoreImage.framework/Versions/A/CoreImage
0x000000000082d000 	/System/Library/PrivateFrameworks/CrashReporterSupport.framework/Versions/A/CrashReporterSupport
0x000000000082d000 	/System/Library/Frameworks/OpenCL.framework/Versions/A/OpenCL
0x000000000082d000 	/System/Library/PrivateFrameworks/FaceCore.framework/Versions/A/FaceCore
0x000000000082d000 	/System/Library/PrivateFrameworks/Ubiquity.framework/Versions/A/Ubiquity
0x000000000082d000 	/System/Library/PrivateFrameworks/IconServices.framework/Versions/A/IconServices
0x000000000082d000 	/System/Library/PrivateFrameworks/ChunkingLibrary.framework/Versions/A/ChunkingLibrary
0x000000000082d000 	/System/Library/PrivateFrameworks/Apple80211.framework/Versions/A/Apple80211
0x000000000082d000 	/System/Library/Frameworks/CoreWLAN.framework/Versions/A/CoreWLAN
0x000000000082d000 	/System/Library/Frameworks/IOBluetooth.framework/Versions/A/IOBluetooth
0x000000000082d000 	/System/Library/PrivateFrameworks/CoreWiFi.framework/Versions/A/CoreWiFi
0x000000000082d000 	/System/Library/Frameworks/CoreBluetooth.framework/Versions/A/CoreBluetooth
0x000000000082d000 	/System/Library/PrivateFrameworks/DebugSymbols.framework/Versions/A/DebugSymbols
0x000000000082d000 	/System/Library/PrivateFrameworks/CoreSymbolication.framework/Versions/A/CoreSymbolication
0x000000000082d000 	/System/Library/PrivateFrameworks/Symbolication.framework/Versions/A/Symbolication
0x000000000082d000 	/System/Library/PrivateFrameworks/SpeechRecognitionCore.framework/Versions/A/SpeechRecognitionCore
0x0000000105222000 	/System/Library/CoreServices/Encodings/libSimplifiedChineseConverter.dylib
0x0000000105c00000 	/Library/Java/JavaVirtualMachines/jdk1.7.0_67.jdk/Contents/Home/jre/lib/server/libjvm.dylib
0x000000000082d000 	/usr/lib/libstdc++.6.dylib
0x00000001052ff000 	/Library/Java/JavaVirtualMachines/jdk1.7.0_67.jdk/Contents/Home/jre/lib/libverify.dylib
0x000000010530c000 	/Library/Java/JavaVirtualMachines/jdk1.7.0_67.jdk/Contents/Home/jre/lib/libjava.dylib
0x0000000105346000 	/Library/Java/JavaVirtualMachines/jdk1.7.0_67.jdk/Contents/Home/jre/lib/libzip.dylib
0x000000010ff34000 	/System/Library/Frameworks/JavaVM.framework/Frameworks/JavaRuntimeSupport.framework/JavaRuntimeSupport
0x00000001053eb000 	/System/Library/Frameworks/JavaVM.framework/Versions/A/Frameworks/JavaNativeFoundation.framework/Versions/A/JavaNativeFoundation
0x000000010ff4c000 	/System/Library/Frameworks/JavaVM.framework/Versions/A/JavaVM
0x000000000082d000 	/System/Library/Frameworks/Carbon.framework/Versions/A/Carbon
0x000000010ff59000 	/System/Library/PrivateFrameworks/JavaLaunching.framework/Versions/A/JavaLaunching
0x000000000082d000 	/System/Library/Frameworks/Carbon.framework/Versions/A/Frameworks/CommonPanels.framework/Versions/A/CommonPanels
0x000000000082d000 	/System/Library/Frameworks/Carbon.framework/Versions/A/Frameworks/Help.framework/Versions/A/Help
0x000000000082d000 	/System/Library/Frameworks/Carbon.framework/Versions/A/Frameworks/ImageCapture.framework/Versions/A/ImageCapture
0x000000000082d000 	/System/Library/Frameworks/Carbon.framework/Versions/A/Frameworks/OpenScripting.framework/Versions/A/OpenScripting
0x000000000082d000 	/System/Library/Frameworks/Carbon.framework/Versions/A/Frameworks/Print.framework/Versions/A/Print
0x000000000082d000 	/System/Library/Frameworks/Carbon.framework/Versions/A/Frameworks/SecurityHI.framework/Versions/A/SecurityHI
0x0000000111dee000 	/Applications/IntelliJ IDEA 13.app/bin/libbreakgen64.jnilib
0x0000000111ef4000 	/Library/Java/JavaVirtualMachines/jdk1.7.0_67.jdk/Contents/Home/jre/lib/libnet.dylib
0x0000000111f51000 	/Library/Java/JavaVirtualMachines/jdk1.7.0_67.jdk/Contents/Home/jre/lib/libnio.dylib
0x0000000111f6b000 	/Library/Java/JavaVirtualMachines/jdk1.7.0_67.jdk/Contents/Home/jre/lib/libawt.dylib
0x000000011201a000 	/Library/Java/JavaVirtualMachines/jdk1.7.0_67.jdk/Contents/Home/jre/lib/./libmlib_image.dylib
0x00000001120e6000 	/Library/Java/JavaVirtualMachines/jdk1.7.0_67.jdk/Contents/Home/jre/lib/lwawt/liblwawt.dylib
0x000000011219a000 	/Library/Java/JavaVirtualMachines/jdk1.7.0_67.jdk/Contents/Home/jre/lib/libosxapp.dylib
0x000000000082d000 	/System/Library/Frameworks/ExceptionHandling.framework/Versions/A/ExceptionHandling
0x000000000082d000 	/System/Library/PrivateFrameworks/CoreServicesInternal.framework/Versions/A/CoreServicesInternal
0x000000000082d000 	/System/Library/PrivateFrameworks/CloudDocs.framework/Versions/A/CloudDocs
0x000000000082d000 	/System/Library/PrivateFrameworks/CoreDuet.framework/Versions/A/CoreDuet
0x000000000082d000 	/System/Library/Frameworks/CloudKit.framework/Versions/A/CloudKit
0x000000000082d000 	/System/Library/PrivateFrameworks/ProtocolBuffer.framework/Versions/A/ProtocolBuffer
0x000000000082d000 	/System/Library/PrivateFrameworks/CoreDuetDaemonProtocol.framework/Versions/A/CoreDuetDaemonProtocol
0x000000000082d000 	/System/Library/PrivateFrameworks/CoreDuetDebugLogging.framework/Versions/A/CoreDuetDebugLogging
0x000000000082d000 	/System/Library/Frameworks/CoreLocation.framework/Versions/A/CoreLocation
0x000000000082d000 	/System/Library/Frameworks/Accounts.framework/Versions/A/Accounts
0x000000000082d000 	/System/Library/PrivateFrameworks/ApplePushService.framework/Versions/A/ApplePushService
0x000000000082d000 	/System/Library/PrivateFrameworks/GeoServices.framework/Versions/A/GeoServices
0x000000000082d000 	/System/Library/PrivateFrameworks/OAuth.framework/Versions/A/OAuth
0x000000000082d000 	/System/Library/PrivateFrameworks/CoreDaemon.framework/Versions/B/CoreDaemon
0x000000000082d000 	/usr/lib/libcrypto.0.9.8.dylib
0x000000000082d000 	/System/Library/PrivateFrameworks/AppleSRP.framework/Versions/A/AppleSRP
0x000000000082d000 	/System/Library/PrivateFrameworks/TrustEvaluationAgent.framework/Versions/A/TrustEvaluationAgent
0x000000000082d000 	/System/Library/Frameworks/CoreGraphics.framework/Versions/A/Resources/libCGCMS.A.dylib
0x000000000082d000 	/System/Library/Frameworks/CoreGraphics.framework/Versions/A/Resources/libRIP.A.dylib
0x000000000082d000 	/System/Library/Frameworks/CoreGraphics.framework/Versions/A/Resources/libCGXType.A.dylib
0x000000000082d000 	/System/Library/Frameworks/OpenCL.framework/Versions/A/Libraries/libcldcpuengine.dylib
0x000000000082d000 	/System/Library/PrivateFrameworks/DiskImages.framework/Versions/A/DiskImages
0x000000000082d000 	/System/Library/Frameworks/DiscRecording.framework/Versions/A/DiscRecording
0x000000000082d000 	/usr/lib/libcsfde.dylib
0x000000000082d000 	/usr/lib/libcurl.4.dylib
0x000000000082d000 	/System/Library/PrivateFrameworks/MediaKit.framework/Versions/A/MediaKit
0x000000000082d000 	/System/Library/PrivateFrameworks/ProtectedCloudStorage.framework/Versions/A/ProtectedCloudStorage
0x000000000082d000 	/usr/lib/libCoreStorage.dylib
0x000000000082d000 	/System/Library/PrivateFrameworks/EFILogin.framework/Versions/A/EFILogin
0x000000000082d000 	/usr/lib/libutil.dylib
0x000000000082d000 	/System/Library/PrivateFrameworks/FindMyDevice.framework/Versions/A/FindMyDevice
0x000000000082d000 	/System/Library/Frameworks/LDAP.framework/Versions/A/LDAP
0x000000000082d000 	/usr/lib/libsasl2.2.dylib
0x0000000115630000 	cl_kernels
0x0000000115632000 	/System/Library/Frameworks/OpenCL.framework/Versions/A/Libraries/ImageFormats/unorm8_bgra.dylib
0x0000000115622000 	cl_kernels
0x000000000082d000 	/System/Library/PrivateFrameworks/FamilyControls.framework/Versions/A/FamilyControls
0x000000000082d000 	/System/Library/PrivateFrameworks/CommerceKit.framework/Versions/A/Frameworks/CommerceCore.framework/Versions/A/CommerceCore
0x000000000082d000 	/System/Library/PrivateFrameworks/SystemAdministration.framework/Versions/A/SystemAdministration
0x000000000082d000 	/System/Library/PrivateFrameworks/AppContainer.framework/Versions/A/AppContainer
0x000000000082d000 	/System/Library/PrivateFrameworks/SecCodeWrapper.framework/Versions/A/SecCodeWrapper
0x000000000082d000 	/System/Library/Frameworks/DirectoryService.framework/Versions/A/DirectoryService
0x000000000082d000 	/System/Library/PrivateFrameworks/LoginUIKit.framework/Versions/A/Frameworks/LoginUICore.framework/Versions/A/LoginUICore
0x000000000082d000 	/usr/lib/libodfde.dylib
0x00000001168d1000 	/Library/Java/JavaVirtualMachines/jdk1.7.0_67.jdk/Contents/Home/jre/lib/libfontmanager.dylib
0x0000000116938000 	/Volumes/EXTERNAL 1/Special Code Projects/Medieval Game/dep/natives/liblwjgl.jnilib
0x0000000114a99000 	/Library/Java/JavaVirtualMachines/jdk1.7.0_67.jdk/Contents/Home/jre/lib/libjawt.dylib
0x000000000082d000 	/System/Library/Frameworks/OpenGL.framework/Versions/A/Resources/GLEngine.bundle/GLEngine
0x000000000082d000 	/System/Library/Frameworks/OpenGL.framework/Versions/A/Libraries/libGLProgrammability.dylib
0x0000000000000000 	/System/Library/Extensions/AppleIntelHD5000GraphicsGLDriver.bundle/Contents/MacOS/AppleIntelHD5000GraphicsGLDriver
0x000000000082d000 	/System/Library/PrivateFrameworks/IOAccelerator.framework/Versions/A/IOAccelerator
0x000000000082d000 	/System/Library/PrivateFrameworks/GPUSupport.framework/Versions/A/Libraries/libGPUSupportMercury.dylib
0x000000000082d000 	/System/Library/Frameworks/OpenGL.framework/Versions/A/Resources/GLRendererFloat.bundle/GLRendererFloat
0x000000011774e000 	/Library/Java/JavaVirtualMachines/jdk1.7.0_67.jdk/Contents/Home/jre/lib/libsunec.dylib

VM Arguments:
jvm_args: -Djava.library.path=dep/natives/ -Didea.launcher.port=7537 -Didea.launcher.bin.path=/Applications/IntelliJ IDEA 13.app/bin -Dfile.encoding=UTF-8 
java_command: com.intellij.rt.execution.application.AppMain hidden.indev0r.core.MedievalLauncher
Launcher Type: SUN_STANDARD

Environment Variables:
PATH=/usr/local/bin:/usr/bin:/bin:/usr/sbin:/sbin
SHELL=/bin/bash

Signal Handlers:
SIGSEGV: [libjvm.dylib+0x52b6c9], sa_mask[0]=0xfffefeff, sa_flags=0x00000043
SIGBUS: [libjvm.dylib+0x52b6c9], sa_mask[0]=0xfffefeff, sa_flags=0x00000042
SIGFPE: [libjvm.dylib+0x41deaa], sa_mask[0]=0xfffefeff, sa_flags=0x00000042
SIGPIPE: [libjvm.dylib+0x41deaa], sa_mask[0]=0xfffefeff, sa_flags=0x00000042
SIGXFSZ: [libjvm.dylib+0x41deaa], sa_mask[0]=0xfffefeff, sa_flags=0x00000042
SIGILL: [libjvm.dylib+0x41deaa], sa_mask[0]=0xfffefeff, sa_flags=0x00000042
SIGUSR1: SIG_DFL, sa_mask[0]=0x00000000, sa_flags=0x00000000
SIGUSR2: [libjvm.dylib+0x41d99c], sa_mask[0]=0x00000004, sa_flags=0x00000042
SIGHUP: [libjvm.dylib+0x41bc2d], sa_mask[0]=0xfffefeff, sa_flags=0x00000042
SIGINT: [libjvm.dylib+0x41bc2d], sa_mask[0]=0xfffefeff, sa_flags=0x00000042
SIGTERM: [libjvm.dylib+0x41bc2d], sa_mask[0]=0xfffefeff, sa_flags=0x00000042
SIGQUIT: [libjvm.dylib+0x41bc2d], sa_mask[0]=0xfffefeff, sa_flags=0x00000042


---------------  S Y S T E M  ---------------

OS:Bsduname:Darwin 14.0.0 Darwin Kernel Version 14.0.0: Fri Sep 19 00:26:44 PDT 2014; root:xnu-2782.1.97~2/RELEASE_X86_64 x86_64
rlimit: STACK 8192k, CORE 0k, NPROC 709, NOFILE 10240, AS infinity
load average:2.49 2.70 2.42

CPU:total 4 (2 cores per cpu, 2 threads per core) family 6 model 69 stepping 1, cmov, cx8, fxsr, mmx, sse, sse2, sse3, ssse3, sse4.1, sse4.2, popcnt, avx, avx2, aes, erms, ht, tsc, tscinvbit

Memory: 4k page, physical 8388608k(2097152k free)

/proc/meminfo:


vm_info: Java HotSpot(TM) 64-Bit Server VM (24.65-b04) for bsd-amd64 JRE (1.7.0_67-b01), built on Jul 25 2014 08:51:51 by "java_re" with gcc 4.2.1 (Based on Apple Inc. build 5658) (LLVM build 2336.11.00)

time: Sun Dec  7 00:33:19 2014
elapsed time: 34 seconds

